[2026-03-01 23:08:57.572] Startup entered.
[2026-03-01 23:08:58.983] Entering WPF bootstrap/start block.
[2026-03-01 23:08:59.026] Calling Start-WpfApp.
[2026-03-01 23:21:43.514] Startup entered.
[2026-03-01 23:21:45.343] Startup exited: automated test mode active.
[2026-03-01 23:23:02.090] Startup entered.
[2026-03-01 23:23:05.119] Startup exited: automated test mode active.
[2026-03-02 04:08:32.826] Startup finally block entered.
[2026-03-02 04:08:37.998] Startup entered.
[2026-03-02 04:08:39.785] Entering WPF bootstrap/start block.
[2026-03-02 04:08:39.796] Calling Start-WpfApp.
[2026-03-02 04:16:03.420] Startup finally block entered.
[2026-03-02 04:17:50.077] Startup entered.
[2026-03-02 04:17:53.901] Startup exited: automated test mode active.
[2026-03-02 04:18:58.062] Startup entered.
[2026-03-02 04:18:58.334] Entering WPF bootstrap/start block.
[2026-03-02 04:18:58.357] Calling Start-WpfApp.
[2026-03-02 04:37:11.585] Startup entered.
[2026-03-02 04:37:12.929] Startup exited: automated test mode active.
[2026-03-02 08:41:48.975] Startup entered.
[2026-03-02 08:41:50.943] Startup exited: automated test mode active.
[2026-03-02 08:45:16.589] Startup entered.
[2026-03-02 08:45:17.819] Entering WPF bootstrap/start block.
[2026-03-02 08:45:17.840] Calling Start-WpfApp.
[2026-03-02 08:48:18.865] Startup finally block entered.
[2026-03-02 08:52:57.429] Startup entered.
[2026-03-02 08:52:59.569] Startup exited: automated test mode active.
[2026-03-02 09:15:15.075] Startup entered.
[2026-03-02 09:15:15.306] Entering WPF bootstrap/start block.
[2026-03-02 09:15:15.324] Calling Start-WpfApp.
[2026-03-02 09:18:28.671] Startup finally block entered.
[2026-03-02 09:22:50.406] Startup entered.
[2026-03-02 09:22:52.038] Startup exited: automated test mode active.
[2026-03-02 09:29:32.116] Startup entered.
[2026-03-02 09:29:34.257] Startup exited: automated test mode active.
[2026-03-02 09:34:26.672] Startup entered.
[2026-03-02 09:34:27.171] Entering WPF bootstrap/start block.
[2026-03-02 09:34:27.227] Calling Start-WpfApp.
[2026-03-02 09:44:34.551] Startup finally block entered.
[2026-03-02 09:46:36.664] Startup entered.
[2026-03-02 09:46:37.302] Entering WPF bootstrap/start block.
[2026-03-02 09:46:37.327] Calling Start-WpfApp.
[2026-03-02 09:48:34.816] Startup finally block entered.
[2026-03-02 09:57:12.765] Startup entered.
[2026-03-02 09:57:13.115] Entering WPF bootstrap/start block.
[2026-03-02 09:57:13.133] Calling Start-WpfApp.
[2026-03-02 10:06:47.677] Startup entered.
[2026-03-02 10:06:50.522] Startup exited: automated test mode active.
[2026-03-02 10:10:57.305] Startup entered.
[2026-03-02 10:10:59.163] Startup exited: automated test mode active.
[2026-03-02 10:13:39.538] Startup entered.
[2026-03-02 10:13:41.132] Startup exited: automated test mode active.
[2026-03-02 10:35:52.724] Startup entered.
[2026-03-02 10:35:54.505] Startup exited: automated test mode active.
[2026-03-02 11:30:36.148] Startup entered.
[2026-03-02 11:30:39.121] Startup exited: automated test mode active.
[2026-03-02 12:20:17.210] Startup entered.
[2026-03-02 12:20:18.756] Startup exited: automated test mode active.
[2026-03-02 12:42:05.649] Startup finally block entered.
[2026-03-02 12:42:11.867] Startup entered.
[2026-03-02 12:42:13.813] Entering WPF bootstrap/start block.
[2026-03-02 12:42:13.838] Calling Start-WpfApp.
[2026-03-02 12:42:53.305] Startup finally block entered.
[2026-03-02 12:45:27.069] Startup entered.
[2026-03-02 12:45:30.194] Startup exited: automated test mode active.
[2026-03-02 13:12:14.351] Startup entered.
[2026-03-02 13:12:14.808] Entering WPF bootstrap/start block.
[2026-03-02 13:12:14.822] Calling Start-WpfApp.
[2026-03-02 13:21:24.850] Startup entered.
[2026-03-02 13:21:26.768] Startup exited: automated test mode active.
[2026-03-02 13:23:18.729] Startup finally block entered.
[2026-03-02 13:23:23.859] Startup entered.
[2026-03-02 13:23:24.171] Entering WPF bootstrap/start block.
[2026-03-02 13:23:24.183] Calling Start-WpfApp.
[2026-03-02 13:32:56.219] Startup entered.
[2026-03-02 13:32:57.788] Startup exited: automated test mode active.
[2026-03-02 13:35:26.470] Startup entered.
[2026-03-02 13:35:27.917] Startup exited: automated test mode active.
[2026-03-02 13:38:46.551] Startup finally block entered.
[2026-03-02 13:39:16.162] Startup entered.
[2026-03-02 13:39:17.554] Startup exited: automated test mode active.
[2026-03-02 14:00:24.788] Startup entered.
[2026-03-02 14:00:27.803] Startup exited: automated test mode active.
[2026-03-02 14:19:38.038] Startup entered.
[2026-03-02 14:19:38.363] Entering WPF bootstrap/start block.
[2026-03-02 14:19:38.379] Calling Start-WpfApp.
[2026-03-02 14:32:23.447] Startup entered.
[2026-03-02 14:32:24.993] Startup exited: automated test mode active.
[2026-03-02 14:34:49.143] Startup finally block entered.
[2026-03-02 14:36:38.907] Startup entered.
[2026-03-02 14:36:39.145] Entering WPF bootstrap/start block.
[2026-03-02 14:36:39.176] Calling Start-WpfApp.
[2026-03-02 14:38:55.988] Startup finally block entered.
[2026-03-02 14:42:00.459] Startup entered.
[2026-03-02 14:42:02.049] Startup exited: automated test mode active.
[2026-03-02 15:12:31.254] Startup entered.
[2026-03-02 15:12:34.116] Startup exited: automated test mode active.
[2026-03-02 15:16:52.684] Startup entered.
[2026-03-02 15:16:54.149] Startup exited: automated test mode active.
[2026-03-02 15:22:32.218] Startup entered.
[2026-03-02 15:22:33.741] Startup exited: automated test mode active.
[2026-03-02 15:31:46.056] Startup entered.
[2026-03-02 15:31:47.881] Startup exited: automated test mode active.
[2026-03-02 15:40:19.952] Startup entered.
[2026-03-02 15:40:21.460] Startup exited: automated test mode active.
[2026-03-02 19:15:53.310] Startup entered.
[2026-03-02 19:15:56.564] Startup exited: automated test mode active.
[2026-03-02 19:17:37.536] Startup entered.
[2026-03-02 19:17:39.051] Startup exited: automated test mode active.
[2026-03-02 19:57:08.881] Startup entered.
[2026-03-02 19:57:11.291] Startup exited: automated test mode active.
[2026-03-02 20:02:57.194] Startup entered.
[2026-03-02 20:02:58.818] Startup exited: automated test mode active.
[2026-03-02 20:04:54.731] Startup entered.
[2026-03-02 20:04:56.121] Startup exited: automated test mode active.
[2026-03-02 20:13:57.938] Startup entered.
[2026-03-02 20:13:59.368] Startup exited: automated test mode active.
[2026-03-02 20:14:36.225] Startup entered.
[2026-03-02 20:14:37.663] Startup exited: automated test mode active.
[2026-03-02 20:19:41.038] Startup entered.
[2026-03-02 20:19:43.288] Startup exited: automated test mode active.
[2026-03-03 07:18:18.415] Startup entered.
[2026-03-03 07:18:21.840] Startup exited: automated test mode active.
[2026-03-03 07:43:30.940] Startup entered.
[2026-03-03 07:43:32.387] Startup exited: automated test mode active.
[2026-03-03 07:45:03.402] Startup entered.
[2026-03-03 07:45:04.835] Startup exited: automated test mode active.
[2026-03-03 07:52:18.172] Startup entered.
[2026-03-03 07:52:19.456] Entering WPF bootstrap/start block.
[2026-03-03 07:52:19.478] Calling Start-WpfApp.
[2026-03-03 08:46:33.011] Startup entered.
[2026-03-03 08:46:36.216] Startup exited: automated test mode active.
[2026-03-03 09:09:56.308] Startup entered.
[2026-03-03 09:09:58.230] Startup exited: automated test mode active.
[2026-03-03 09:11:55.183] Startup entered.
[2026-03-03 09:11:56.935] Startup exited: automated test mode active.
[2026-03-03 09:42:53.163] Startup finally block entered.
[2026-03-03 09:43:13.981] Startup entered.
[2026-03-03 09:43:14.243] Entering WPF bootstrap/start block.
[2026-03-03 09:43:14.269] Calling Start-WpfApp.
[2026-03-03 09:45:40.959] Startup finally block entered.
[2026-03-03 09:53:03.444] Startup entered.
[2026-03-03 09:53:05.152] Startup exited: automated test mode active.
[2026-03-03 10:01:59.611] Startup entered.
[2026-03-03 10:02:01.124] Startup exited: automated test mode active.
[2026-03-03 20:48:40.328] Startup entered.
[2026-03-03 20:48:40.696] Entering WPF bootstrap/start block.
[2026-03-03 20:48:40.714] Calling Start-WpfApp.
[2026-03-03 20:49:10.083] Startup finally block entered.
[2026-03-03 20:58:37.120] Startup entered.
[2026-03-03 20:58:37.461] Entering WPF bootstrap/start block.
[2026-03-03 20:58:37.490] Calling Start-WpfApp.
[2026-03-03 21:19:11.727] Startup finally block entered.
[2026-03-03 21:28:22.179] Startup entered.
[2026-03-03 21:28:22.854] Entering WPF bootstrap/start block.
[2026-03-03 21:28:22.895] Calling Start-WpfApp.
[2026-03-03 21:29:32.011] Startup finally block entered.
[2026-03-03 21:53:30.924] Startup entered.
[2026-03-03 21:53:32.868] Entering WPF bootstrap/start block.
[2026-03-03 21:53:33.005] Calling Start-WpfApp.
[2026-03-03 22:16:15.926] Startup finally block entered.
[2026-03-03 23:07:22.192] Startup entered.
[2026-03-03 23:07:25.249] Startup exited: automated test mode active.
[2026-03-03 23:12:27.417] Startup entered.
[2026-03-03 23:12:29.151] Startup exited: automated test mode active.
[2026-03-03 23:16:36.298] Startup entered.
[2026-03-03 23:16:38.002] Startup exited: automated test mode active.
[2026-03-04 00:02:45.788] Startup entered.
[2026-03-04 00:02:47.825] Startup exited: automated test mode active.
[2026-03-04 02:13:11.480] Startup entered.
[2026-03-04 02:13:15.232] Startup exited: automated test mode active.
[2026-03-04 02:45:22.461] Startup entered.
[2026-03-04 02:45:24.120] Startup exited: automated test mode active.
[2026-03-04 02:47:46.367] Startup entered.
[2026-03-04 02:47:47.871] Startup exited: automated test mode active.
[2026-03-04 03:06:00.631] Startup entered.
[2026-03-04 03:06:02.534] Startup exited: automated test mode active.
[2026-03-04 03:12:00.665] Startup entered.
[2026-03-04 03:12:02.100] Startup exited: automated test mode active.
[2026-03-04 03:27:00.631] Startup entered.
[2026-03-04 03:27:03.931] Startup exited: automated test mode active.
[2026-03-04 03:33:04.151] Startup entered.
[2026-03-04 03:33:05.788] Startup exited: automated test mode active.
[2026-03-04 03:34:37.997] Startup entered.
[2026-03-04 03:34:39.834] Startup exited: automated test mode active.
[2026-03-04 03:42:55.542] Startup entered.
[2026-03-04 03:42:57.567] Startup exited: automated test mode active.
[2026-03-04 03:46:52.313] Startup entered.
[2026-03-04 03:46:54.803] Startup exited: automated test mode active.
[2026-03-04 03:47:29.845] Startup entered.
[2026-03-04 03:47:31.566] Startup exited: automated test mode active.
[2026-03-04 03:48:08.664] Startup entered.
[2026-03-04 03:48:10.202] Startup exited: automated test mode active.
[2026-03-04 03:51:48.963] Startup entered.
[2026-03-04 03:51:50.652] Startup exited: automated test mode active.
[2026-03-04 03:55:11.772] Startup entered.
[2026-03-04 03:55:13.299] Startup exited: automated test mode active.
[2026-03-04 13:01:42.528] Startup entered.
[2026-03-04 13:01:43.004] Startup exited: automated test mode active.
[2026-03-04 13:02:11.631] Startup entered.
[2026-03-04 13:02:11.779] Startup exited: automated test mode active.
[2026-03-04 13:02:59.729] Startup entered.
[2026-03-04 13:02:59.891] Startup exited: automated test mode active.
[2026-03-04 13:03:37.527] Startup entered.
[2026-03-04 13:03:37.674] Startup exited: automated test mode active.
[2026-03-04 13:03:55.245] Startup entered.
[2026-03-04 13:03:55.395] Entering WPF bootstrap/start block.
[2026-03-04 13:03:55.414] Calling Start-WpfApp.
[2026-03-04 13:28:02.015] Startup finally block entered.
[2026-03-04 13:38:22.167] Startup entered.
[2026-03-04 13:38:25.891] Startup exited: automated test mode active.
[2026-03-04 14:38:35.373] Startup entered.
[2026-03-04 14:38:39.208] Startup exited: automated test mode active.
[2026-03-04 14:42:32.833] Startup entered.
[2026-03-04 14:42:34.461] Startup exited: automated test mode active.
[2026-03-04 14:47:49.537] Startup entered.
[2026-03-04 14:47:49.791] Entering WPF bootstrap/start block.
[2026-03-04 14:47:49.820] Calling Start-WpfApp.
[2026-03-04 14:58:57.961] Startup entered.
[2026-03-04 14:58:59.529] Startup exited: automated test mode active.
[2026-03-04 15:12:40.537] Startup finally block entered.
[2026-03-04 15:13:21.311] Startup entered.
[2026-03-04 15:13:21.515] Entering WPF bootstrap/start block.
[2026-03-04 15:13:21.573] Calling Start-WpfApp.
[2026-03-04 15:28:19.816] Startup finally block entered.
[2026-03-04 15:36:51.654] Startup entered.
[2026-03-04 15:39:07.856] Startup entered.
[2026-03-04 15:52:25.465] Startup entered.
[2026-03-04 18:15:20.973] Startup entered.
[2026-03-04 19:36:09.522] Startup entered.
[2026-03-04 21:50:52.209] Startup entered.
[2026-03-04 21:58:27.178] Startup entered.
[2026-03-04 22:35:01.364] Startup entered.
[2026-03-04 22:35:04.022] Startup exited: automated test mode active.
[2026-03-04 22:55:43.366] Startup entered.
[2026-03-04 22:55:46.299] Startup exited: automated test mode active.
[2026-03-05 07:03:50.715] Startup entered.
[2026-03-05 07:03:55.412] Entering WPF bootstrap/start block.
[2026-03-05 07:03:55.445] Calling Start-WpfApp.
[2026-03-05 07:15:36.763] Startup finally block entered.
[2026-03-05 07:17:23.752] Startup entered.
[2026-03-05 07:17:28.134] Startup exited: automated test mode active.
[2026-03-05 07:19:40.841] Startup entered.
[2026-03-05 07:19:43.014] Startup exited: automated test mode active.
[2026-03-05 07:25:57.110] Startup entered.
[2026-03-05 07:25:59.591] Startup exited: automated test mode active.
[2026-03-05 07:35:44.265] Startup entered.
[2026-03-05 07:35:46.361] Startup exited: automated test mode active.
[2026-03-05 07:41:18.641] Startup entered.
[2026-03-05 07:41:21.296] Startup exited: automated test mode active.
[2026-03-05 07:45:15.296] Startup entered.
[2026-03-05 07:45:17.702] Startup exited: automated test mode active.
[2026-03-05 07:48:51.810] Startup entered.
[2026-03-05 07:48:53.974] Startup exited: automated test mode active.
[2026-03-05 07:52:04.403] Startup entered.
[2026-03-05 07:52:06.544] Startup exited: automated test mode active.
[2026-03-05 07:55:49.122] Startup entered.
[2026-03-05 07:55:51.154] Startup exited: automated test mode active.
[2026-03-05 07:59:04.475] Startup entered.
[2026-03-05 07:59:06.536] Startup exited: automated test mode active.
[2026-03-05 08:22:26.279] Startup entered.
[2026-03-05 08:22:29.437] Startup exited: automated test mode active.
[2026-03-05 08:26:20.363] Startup entered.
[2026-03-05 08:26:22.891] Startup exited: automated test mode active.
[2026-03-05 08:36:28.061] Startup entered.
[2026-03-05 08:36:30.864] Startup exited: automated test mode active.
[2026-03-05 08:52:32.123] Startup entered.
[2026-03-05 08:52:34.409] Startup exited: automated test mode active.
[2026-03-05 08:59:59.432] Startup entered.
[2026-03-05 09:00:01.441] Startup exited: automated test mode active.
[2026-03-05 09:06:46.591] Startup entered.
[2026-03-05 09:06:48.716] Startup exited: automated test mode active.
[2026-03-05 09:14:11.451] Startup entered.
[2026-03-05 09:14:13.839] Startup exited: automated test mode active.
[2026-03-05 09:17:56.231] Startup entered.
[2026-03-05 09:17:58.497] Startup exited: automated test mode active.
[2026-03-05 09:21:37.833] Startup entered.
[2026-03-05 09:21:41.414] Startup exited: automated test mode active.
[2026-03-05 19:04:34.421] Startup entered.
[2026-03-05 19:04:37.672] Entering WPF bootstrap/start block.
[2026-03-05 19:04:37.812] GUI startup failed: At C:\Code\Sortierung\dev\modules\WpfEventHandlers.ps1:19 char:33
+ function Show-WpfOpenFileDialog {
+                                 ~
Missing closing '}' in statement block or type definition.
[2026-03-05 19:04:37.828] Startup finally block entered.
[2026-03-05 19:15:38.551] Startup entered.
[2026-03-05 19:15:42.608] Startup exited: automated test mode active.
[2026-03-05 19:18:13.600] Startup entered.
[2026-03-05 19:18:15.706] Startup exited: automated test mode active.
[2026-03-05 19:28:46.040] Startup entered.
[2026-03-05 19:28:48.877] Startup exited: automated test mode active.
[2026-03-05 19:28:50.297] Startup entered.
[2026-03-05 19:28:51.765] Startup exited: automated test mode active.
[2026-03-05 20:09:33.534] Startup entered.
[2026-03-05 20:09:37.485] Startup exited: automated test mode active.
[2026-03-05 20:59:00.203] Startup entered.
[2026-03-05 20:59:00.549] Entering WPF bootstrap/start block.
[2026-03-05 20:59:00.580] Calling Start-WpfApp.
[2026-03-05 21:16:32.979] Startup entered.
[2026-03-05 21:16:36.488] Startup exited: automated test mode active.
[2026-03-05 21:21:36.563] Startup entered.
[2026-03-05 21:21:40.265] Startup exited: automated test mode active.
[2026-03-05 21:24:50.841] Startup entered.
[2026-03-05 21:24:53.202] Startup exited: automated test mode active.
[2026-03-05 21:31:24.103] Startup entered.
[2026-03-05 21:31:26.739] Startup exited: automated test mode active.
[2026-03-05 21:32:51.968] Startup entered.
[2026-03-05 21:32:54.774] Startup exited: automated test mode active.
[2026-03-05 21:33:10.829] Startup finally block entered.
[2026-03-05 21:38:35.652] Startup entered.
[2026-03-05 21:38:38.186] Startup exited: automated test mode active.
[2026-03-05 21:43:10.738] Startup entered.
[2026-03-05 21:43:13.706] Startup exited: automated test mode active.
[2026-03-05 21:44:39.202] Startup entered.
[2026-03-05 21:44:41.718] Startup exited: automated test mode active.
[2026-03-05 21:44:49.393] Startup entered.
[2026-03-05 21:44:49.640] Entering WPF bootstrap/start block.
[2026-03-05 21:44:49.660] Calling Start-WpfApp.
[2026-03-05 21:49:11.259] Startup entered.
[2026-03-05 21:49:13.632] Startup exited: automated test mode active.
[2026-03-05 21:51:48.403] Startup entered.
[2026-03-05 21:51:50.782] Startup exited: automated test mode active.
[2026-03-05 21:52:47.062] Startup entered.
[2026-03-05 21:52:48.448] Entering WPF bootstrap/start block.
[2026-03-05 21:52:48.480] Calling Start-WpfApp.
[2026-03-05 21:53:38.665] Startup entered.
[2026-03-05 21:53:39.940] Entering WPF bootstrap/start block.
[2026-03-05 21:53:39.973] Calling Start-WpfApp.
[2026-03-05 21:53:49.593] Startup finally block entered.
[2026-03-05 21:55:04.341] Startup entered.
[2026-03-05 21:55:06.759] Startup exited: automated test mode active.
[2026-03-05 21:58:10.833] Startup entered.
[2026-03-05 21:58:13.202] Startup exited: automated test mode active.
[2026-03-05 21:59:29.033] Startup finally block entered.
[2026-03-05 22:05:40.144] Startup entered.
[2026-03-05 22:05:42.244] Startup exited: automated test mode active.
[2026-03-05 22:50:18.796] Startup entered.
[2026-03-05 22:50:21.629] Startup exited: automated test mode active.
[2026-03-05 22:51:34.544] Startup entered.
[2026-03-05 22:51:37.567] Startup exited: automated test mode active.
[2026-03-05 22:52:09.846] Startup entered.
[2026-03-05 22:52:11.636] Startup exited: automated test mode active.
[2026-03-05 23:06:49.788] Startup entered.
[2026-03-05 23:06:52.471] Startup exited: automated test mode active.
[2026-03-05 23:32:56.889] Startup entered.
[2026-03-05 23:33:00.410] Startup exited: automated test mode active.
[2026-03-05 23:34:22.421] Startup entered.
[2026-03-05 23:34:25.202] Startup exited: automated test mode active.
[2026-03-06 04:43:31.758] Startup entered.
[2026-03-06 04:43:37.240] Startup exited: automated test mode active.
[2026-03-06 04:47:52.305] Startup entered.
[2026-03-06 04:47:54.738] Startup exited: automated test mode active.
[2026-03-06 04:51:36.880] Startup entered.
[2026-03-06 04:51:39.317] Startup exited: automated test mode active.
[2026-03-06 04:55:17.651] Startup entered.
[2026-03-06 04:55:20.030] Startup exited: automated test mode active.
[2026-03-06 07:18:51.238] Startup entered.
[2026-03-06 07:18:52.636] Entering WPF bootstrap/start block.
[2026-03-06 07:18:52.668] Calling Start-WpfApp.
[2026-03-06 10:21:09.814] Startup finally block entered.
[2026-03-06 10:24:57.457] Startup entered.
[2026-03-06 10:25:01.240] Startup exited: automated test mode active.
[2026-03-06 10:36:23.707] Startup entered.
[2026-03-06 10:36:26.113] Startup exited: automated test mode active.
[2026-03-06 10:38:49.849] Startup entered.
[2026-03-06 10:38:52.035] Startup exited: automated test mode active.
[2026-03-06 10:39:38.557] Startup entered.
[2026-03-06 10:39:40.958] Startup exited: automated test mode active.
[2026-03-06 10:40:41.365] Startup entered.
[2026-03-06 10:40:43.874] Startup exited: automated test mode active.
[2026-03-06 11:20:39.676] Startup entered.
[2026-03-06 11:20:42.647] Startup exited: automated test mode active.
[2026-03-06 12:03:03.380] Startup entered.
[2026-03-06 12:03:07.082] Startup exited: automated test mode active.
[2026-03-07 00:54:35.145] Startup entered.
[2026-03-07 00:54:40.379] Startup exited: automated test mode active.
[2026-03-07 02:05:26.333] Startup entered.
[2026-03-07 02:05:29.603] Startup exited: automated test mode active.
[2026-03-07 02:18:39.876] Startup entered.
[2026-03-07 02:18:42.490] Startup exited: automated test mode active.
[2026-03-07 02:25:06.621] Startup entered.
[2026-03-07 02:25:10.242] Startup exited: automated test mode active.
[2026-03-07 02:31:00.042] Startup entered.
[2026-03-07 02:31:03.177] Startup exited: automated test mode active.
[2026-03-07 02:45:25.728] Startup entered.
[2026-03-07 02:45:29.134] Startup exited: automated test mode active.
[2026-03-07 02:48:38.836] Startup entered.
[2026-03-07 02:48:41.666] Startup exited: automated test mode active.
[2026-03-07 02:50:05.866] Startup entered.
[2026-03-07 02:50:08.615] Entering WPF bootstrap/start block.
[2026-03-07 02:50:08.631] Calling Start-WpfApp.
[2026-03-07 02:50:26.729] Startup finally block entered.
[2026-03-07 02:50:49.474] Startup entered.
[2026-03-07 02:50:51.130] Entering WPF bootstrap/start block.
[2026-03-07 02:50:51.147] Calling Start-WpfApp.
[2026-03-07 02:50:56.489] Startup finally block entered.
[2026-03-07 02:59:18.333] Startup entered.
[2026-03-07 02:59:19.907] Startup exited: automated test mode active.
[2026-03-07 02:59:28.862] Startup entered.
[2026-03-07 02:59:30.322] Entering WPF bootstrap/start block.
[2026-03-07 02:59:30.354] Calling Start-WpfApp.
[2026-03-07 03:07:37.287] Startup entered.
[2026-03-07 03:07:39.475] Startup exited: automated test mode active.
[2026-03-07 04:47:47.106] Startup entered.
[2026-03-07 04:47:51.231] Startup exited: automated test mode active.
[2026-03-07 04:55:05.169] Startup entered.
[2026-03-07 04:55:07.235] Entering WPF bootstrap/start block.
[2026-03-07 04:55:07.251] Calling Start-WpfApp.
[2026-03-07 05:15:49.529] Startup entered.
[2026-03-07 05:15:51.175] Startup exited: automated test mode active.
[2026-03-07 05:18:16.919] Startup entered.
[2026-03-07 05:18:18.739] Startup exited: automated test mode active.
[2026-03-07 05:19:37.339] Startup entered.
[2026-03-07 05:19:39.185] Startup exited: automated test mode active.
[2026-03-07 05:20:44.461] Startup entered.
[2026-03-07 05:20:46.135] Entering WPF bootstrap/start block.
[2026-03-07 05:20:46.320] Calling Start-WpfApp.
[2026-03-07 05:34:06.863] Startup entered.
[2026-03-07 05:34:08.774] Startup exited: automated test mode active.
[2026-03-07 05:40:55.917] Startup entered.
[2026-03-07 05:40:57.822] Entering WPF bootstrap/start block.
[2026-03-07 05:40:58.020] Calling Start-WpfApp.
[2026-03-07 05:44:44.323] Startup entered.
[2026-03-07 05:44:45.933] Startup exited: automated test mode active.
[2026-03-07 05:45:32.930] Startup finally block entered.
[2026-03-07 05:46:14.990] Startup entered.
[2026-03-07 05:46:16.653] Entering WPF bootstrap/start block.
[2026-03-07 05:46:16.837] Calling Start-WpfApp.
[2026-03-07 05:49:59.324] Startup entered.
[2026-03-07 05:50:01.824] Startup exited: automated test mode active.
[2026-03-07 05:54:37.986] Startup entered.
[2026-03-07 05:54:39.592] Entering WPF bootstrap/start block.
[2026-03-07 05:54:39.799] Calling Start-WpfApp.
[2026-03-07 05:54:47.897] Startup finally block entered.
[2026-03-07 06:04:08.232] Startup entered.
[2026-03-07 06:04:10.059] Startup exited: automated test mode active.
[2026-03-07 06:07:45.314] Startup entered.
[2026-03-07 06:07:47.262] Startup exited: automated test mode active.
[2026-03-07 06:17:58.078] Startup entered.
[2026-03-07 06:18:00.004] Startup exited: automated test mode active.
[2026-03-07 06:19:12.591] Startup entered.
[2026-03-07 06:19:14.575] Startup exited: automated test mode active.
[2026-03-07 06:20:04.751] Startup entered.
[2026-03-07 06:20:06.659] Startup exited: automated test mode active.
[2026-03-07 06:24:50.167] Startup entered.
[2026-03-07 06:24:52.036] Startup exited: automated test mode active.
[2026-03-07 06:25:45.489] Startup entered.
[2026-03-07 06:25:47.286] Startup exited: automated test mode active.
[2026-03-07 06:30:17.530] Startup entered.
[2026-03-07 06:30:19.346] Startup exited: automated test mode active.
[2026-03-07 07:07:51.309] Startup entered.
[2026-03-07 07:07:53.259] Startup exited: automated test mode active.
[2026-03-07 07:11:55.497] Startup entered.
[2026-03-07 07:11:57.278] Startup exited: automated test mode active.
[2026-03-07 07:14:56.155] Startup entered.
[2026-03-07 07:14:58.028] Startup exited: automated test mode active.
[2026-03-07 07:29:08.184] Startup entered.
[2026-03-07 07:29:10.132] Startup exited: automated test mode active.
[2026-03-07 07:39:19.736] Startup entered.
[2026-03-07 07:39:21.350] Startup exited: automated test mode active.
[2026-03-07 09:13:07.812] Startup entered.
[2026-03-07 09:13:10.750] Startup exited: automated test mode active.
[2026-03-07 09:15:28.033] Startup entered.
[2026-03-07 09:15:29.840] Startup exited: automated test mode active.
[2026-03-07 09:41:04.222] Startup entered.
[2026-03-07 09:41:06.153] Startup exited: automated test mode active.
[2026-03-07 09:45:55.436] Startup entered.
[2026-03-07 09:45:56.983] Startup exited: automated test mode active.
[2026-03-07 10:23:56.352] Startup entered.
[2026-03-07 10:23:59.902] Entering WPF bootstrap/start block.
[2026-03-07 10:24:00.136] Calling Start-WpfApp.
[2026-03-07 10:36:47.856] Startup entered.
[2026-03-07 10:36:50.190] Startup exited: automated test mode active.
[2026-03-07 10:49:59.340] Startup finally block entered.
[2026-03-07 10:54:52.968] Startup entered.
[2026-03-07 10:54:54.681] Startup exited: automated test mode active.
[2026-03-07 11:11:18.518] Startup entered.
[2026-03-07 11:11:20.235] Entering WPF bootstrap/start block.
[2026-03-07 11:11:20.466] Calling Start-WpfApp.
[2026-03-07 11:11:44.443] Startup finally block entered.
[2026-03-07 11:25:06.766] Startup entered.
[2026-03-07 11:25:09.748] Entering WPF bootstrap/start block.
[2026-03-07 11:25:09.854] Calling Start-WpfApp.
[2026-03-07 15:18:13.078] Startup entered.
[2026-03-07 15:18:15.837] Entering WPF bootstrap/start block.
[2026-03-07 15:18:16.076] Calling Start-WpfApp.
[2026-03-07 15:24:29.854] Startup finally block entered.
[2026-03-07 16:00:55.986] Startup entered.
[2026-03-07 16:00:57.888] Entering WPF bootstrap/start block.
[2026-03-07 16:00:58.078] Calling Start-WpfApp.
[2026-03-07 16:01:30.435] Startup finally block entered.
[2026-03-07 16:07:00.698] Startup finally block entered.
[2026-03-07 22:54:25.564] Startup entered.
[2026-03-07 22:54:28.853] Entering WPF bootstrap/start block.
[2026-03-07 22:54:28.938] Calling Start-WpfApp.
[2026-03-07 23:01:23.402] Startup finally block entered.
[2026-03-08 07:00:39.096] Startup entered.
[2026-03-08 07:00:41.062] Entering WPF bootstrap/start block.
[2026-03-08 07:00:41.140] Calling Start-WpfApp.
[2026-03-08 09:58:49.941] Startup finally block entered.
[2026-03-08 10:43:16.158] Startup entered.
[2026-03-08 10:43:17.738] Startup exited: automated test mode active.
[2026-03-08 10:57:02.838] Startup entered.
[2026-03-08 10:57:04.283] Entering WPF bootstrap/start block.
[2026-03-08 10:57:04.403] Calling Start-WpfApp.
[2026-03-08 11:03:54.173] Startup entered.
[2026-03-08 11:03:55.570] Startup exited: automated test mode active.
[2026-03-08 11:23:19.749] Startup entered.
[2026-03-08 11:23:21.303] Startup exited: automated test mode active.
[2026-03-09 15:21:49.661] Startup entered.
[2026-03-09 15:21:51.680] Startup exited: automated test mode active.
[2026-03-09 15:31:24.734] Startup entered.
[2026-03-09 15:31:26.585] Startup exited: automated test mode active.
[2026-03-09 15:34:05.417] Startup entered.
[2026-03-09 15:34:06.705] Entering WPF bootstrap/start block.
[2026-03-09 15:34:06.797] Calling Start-WpfApp.
[2026-03-09 15:38:29.884] Startup entered.
[2026-03-09 15:38:31.807] Startup exited: automated test mode active.
[2026-03-09 15:40:17.915] Startup entered.
[2026-03-09 15:40:19.587] Startup exited: automated test mode active.
[2026-03-09 15:42:01.390] Startup entered.
[2026-03-09 15:42:03.213] Startup exited: automated test mode active.
[2026-03-09 15:42:40.445] Startup entered.
[2026-03-09 15:42:41.705] Startup exited: automated test mode active.
[2026-03-09 15:44:23.882] Startup finally block entered.
[2026-03-09 16:10:38.187] Startup entered.
[2026-03-09 16:12:10.556] Startup entered.
[2026-03-09 16:12:12.400] Startup exited: automated test mode active.
[2026-03-09 16:13:46.484] Startup entered.
[2026-03-09 16:13:48.638] Startup exited: automated test mode active.
[2026-03-09 16:42:08.512] Startup entered.
[2026-03-09 16:42:11.571] Startup exited: automated test mode active.
[2026-03-09 16:43:06.164] Startup entered.
[2026-03-09 16:43:07.918] Startup exited: automated test mode active.
[2026-03-09 16:52:06.861] Startup entered.
[2026-03-09 16:52:09.083] Startup exited: automated test mode active.
[2026-03-09 18:35:56.785] Startup entered.
[2026-03-09 18:35:58.729] Startup exited: automated test mode active.
[2026-03-09 18:48:09.339] Startup entered.
[2026-03-09 18:48:11.527] Startup exited: automated test mode active.
[2026-03-09 18:49:44.727] Startup entered.
[2026-03-09 18:49:46.368] Startup exited: automated test mode active.
[2026-03-09 19:00:37.463] Startup entered.
[2026-03-09 19:00:38.047] Entering WPF bootstrap/start block.
[2026-03-09 19:00:38.148] Calling Start-WpfApp.
[2026-03-09 19:15:05.804] Startup entered.
[2026-03-09 19:15:07.680] Startup exited: automated test mode active.
[2026-03-09 19:18:45.420] Startup entered.
[2026-03-09 19:18:47.335] Startup exited: automated test mode active.
[2026-03-09 19:31:03.133] Startup entered.
[2026-03-09 19:31:04.975] Startup exited: automated test mode active.
[2026-03-09 19:59:48.233] Startup entered.
[2026-03-09 20:03:12.423] Startup entered.
[2026-03-09 20:03:14.129] Startup exited: automated test mode active.
[2026-03-09 20:07:31.705] Startup entered.
[2026-03-09 20:07:33.282] Startup exited: automated test mode active.
[2026-03-09 21:42:41.620] Startup finally block entered.
[2026-03-09 21:50:47.698] Startup entered.
[2026-03-09 21:50:49.566] Startup exited: automated test mode active.
[2026-03-09 21:58:13.885] Startup entered.
[2026-03-09 21:58:15.716] Startup exited: automated test mode active.
[2026-03-09 22:07:07.586] Startup entered.
[2026-03-09 22:07:09.368] Startup exited: automated test mode active.
