Der Buildvorgang wurde am 28.04.2026 19:23:37 gestartet.
     1>Projekt "C:\Code\Sortierung\src\Romulus.Tests\Romulus.Tests.csproj" auf Knoten "1", Restore Ziel(e).
     1>_GetAllRestoreProjectPathItems:
         Wiederherzustellende Projekte werden ermittelt...
     1>Das Projekt "C:\Code\Sortierung\src\Romulus.Tests\Romulus.Tests.csproj" (1) erstellt "C:\Code\Sortierung\src\Romulus.Core\Romulus.Core.csproj" (2:8) auf Knoten "1", _GenerateProjectRestoreGraph Ziel(e).
     2>AddPrunePackageReferences:
         Loading prune package data from PrunePackageData folder
         Failed to load prune package data from PrunePackageData folder, loading from targeting packs instead
         Looking for targeting packs in C:\Program Files\dotnet\packs\Microsoft.NETCore.App.Ref
         Pack directories found: C:\Program Files\dotnet\packs\Microsoft.NETCore.App.Ref\10.0.7
         Found package overrides file C:\Program Files\dotnet\packs\Microsoft.NETCore.App.Ref\10.0.7\data\PackageOverrides.txt
     1>Das Projekt "C:\Code\Sortierung\src\Romulus.Tests\Romulus.Tests.csproj" (1) erstellt "C:\Code\Sortierung\src\Romulus.Infrastructure\Romulus.Infrastructure.csproj" (6:7) auf Knoten "2", _GenerateProjectRestoreGraph Ziel(e).
     6>AddPrunePackageReferences:
         Loading prune package data from PrunePackageData folder
         Failed to load prune package data from PrunePackageData folder, loading from targeting packs instead
     1>Das Projekt "C:\Code\Sortierung\src\Romulus.Tests\Romulus.Tests.csproj" (1) erstellt "C:\Code\Sortierung\src\Romulus.UI.Wpf\Romulus.UI.Wpf.csproj" (5:4) auf Knoten "3", _GenerateProjectRestoreGraph Ziel(e).
     5>AddPrunePackageReferences:
         Loading prune package data from PrunePackageData folder
         Failed to load prune package data from PrunePackageData folder, loading from targeting packs instead
     6>AddPrunePackageReferences:
         Looking for targeting packs in C:\Program Files\dotnet\packs\Microsoft.NETCore.App.Ref
         Pack directories found: C:\Program Files\dotnet\packs\Microsoft.NETCore.App.Ref\10.0.7
     5>AddPrunePackageReferences:
         Looking for targeting packs in C:\Program Files\dotnet\packs\Microsoft.NETCore.App.Ref
         Pack directories found: C:\Program Files\dotnet\packs\Microsoft.NETCore.App.Ref\10.0.7
     1>Das Projekt "C:\Code\Sortierung\src\Romulus.Tests\Romulus.Tests.csproj" (1) erstellt "C:\Code\Sortierung\src\Romulus.Contracts\Romulus.Contracts.csproj" (4:9) auf Knoten "5", _GenerateProjectRestoreGraph Ziel(e).
     4>AddPrunePackageReferences:
         Loading prune package data from PrunePackageData folder
         Failed to load prune package data from PrunePackageData folder, loading from targeting packs instead
     6>AddPrunePackageReferences:
         Found package overrides file C:\Program Files\dotnet\packs\Microsoft.NETCore.App.Ref\10.0.7\data\PackageOverrides.txt
     1>Das Projekt "C:\Code\Sortierung\src\Romulus.Tests\Romulus.Tests.csproj" (1) erstellt "C:\Code\Sortierung\src\Romulus.CLI\Romulus.CLI.csproj" (3:4) auf Knoten "6", _GenerateProjectRestoreGraph Ziel(e).
     3>AddPrunePackageReferences:
         Loading prune package data from PrunePackageData folder
         Failed to load prune package data from PrunePackageData folder, loading from targeting packs instead
     5>AddPrunePackageReferences:
         Found package overrides file C:\Program Files\dotnet\packs\Microsoft.NETCore.App.Ref\10.0.7\data\PackageOverrides.txt
     4>AddPrunePackageReferences:
         Looking for targeting packs in C:\Program Files\dotnet\packs\Microsoft.NETCore.App.Ref
         Pack directories found: C:\Program Files\dotnet\packs\Microsoft.NETCore.App.Ref\10.0.7
     2>Die Erstellung von Projekt "C:\Code\Sortierung\src\Romulus.Core\Romulus.Core.csproj" ist abgeschlossen (_GenerateProjectRestoreGraph Ziel(e)).
     3>AddPrunePackageReferences:
         Looking for targeting packs in C:\Program Files\dotnet\packs\Microsoft.NETCore.App.Ref
     1>Das Projekt "C:\Code\Sortierung\src\Romulus.Tests\Romulus.Tests.csproj" (1) erstellt "C:\Code\Sortierung\src\Romulus.Api\Romulus.Api.csproj" (7:4) auf Knoten "4", _GenerateProjectRestoreGraph Ziel(e).
     7>AddPrunePackageReferences:
         Loading prune package data from PrunePackageData folder
     3>AddPrunePackageReferences:
         Pack directories found: C:\Program Files\dotnet\packs\Microsoft.NETCore.App.Ref\10.0.7
     7>AddPrunePackageReferences:
         Failed to load prune package data from PrunePackageData folder, loading from targeting packs instead
     4>AddPrunePackageReferences:
         Found package overrides file C:\Program Files\dotnet\packs\Microsoft.NETCore.App.Ref\10.0.7\data\PackageOverrides.txt
     3>AddPrunePackageReferences:
         Found package overrides file C:\Program Files\dotnet\packs\Microsoft.NETCore.App.Ref\10.0.7\data\PackageOverrides.txt
     7>AddPrunePackageReferences:
         Looking for targeting packs in C:\Program Files\dotnet\packs\Microsoft.NETCore.App.Ref
         Pack directories found: C:\Program Files\dotnet\packs\Microsoft.NETCore.App.Ref\10.0.7
     5>AddPrunePackageReferences:
         Loading prune package data from PrunePackageData folder
         Failed to load prune package data from PrunePackageData folder, loading from targeting packs instead
         Looking for targeting packs in C:\Program Files\dotnet\packs\Microsoft.WindowsDesktop.App.Ref
         Pack directories found: C:\Program Files\dotnet\packs\Microsoft.WindowsDesktop.App.Ref\10.0.7
         Found package overrides file C:\Program Files\dotnet\packs\Microsoft.WindowsDesktop.App.Ref\10.0.7\data\PackageOverrides.txt
     6>Die Erstellung von Projekt "C:\Code\Sortierung\src\Romulus.Infrastructure\Romulus.Infrastructure.csproj" ist abgeschlossen (_GenerateProjectRestoreGraph Ziel(e)).
     7>AddPrunePackageReferences:
         Found package overrides file C:\Program Files\dotnet\packs\Microsoft.NETCore.App.Ref\10.0.7\data\PackageOverrides.txt
     5>Die Erstellung von Projekt "C:\Code\Sortierung\src\Romulus.UI.Wpf\Romulus.UI.Wpf.csproj" ist abgeschlossen (_GenerateProjectRestoreGraph Ziel(e)).
     7>AddPrunePackageReferences:
         Loading prune package data from PrunePackageData folder
         Failed to load prune package data from PrunePackageData folder, loading from targeting packs instead
         Looking for targeting packs in C:\Program Files\dotnet\packs\Microsoft.AspNetCore.App.Ref
         Pack directories found: C:\Program Files\dotnet\packs\Microsoft.AspNetCore.App.Ref\10.0.7
         Found package overrides file C:\Program Files\dotnet\packs\Microsoft.AspNetCore.App.Ref\10.0.7\data\PackageOverrides.txt
     4>Die Erstellung von Projekt "C:\Code\Sortierung\src\Romulus.Contracts\Romulus.Contracts.csproj" ist abgeschlossen (_GenerateProjectRestoreGraph Ziel(e)).
     3>Die Erstellung von Projekt "C:\Code\Sortierung\src\Romulus.CLI\Romulus.CLI.csproj" ist abgeschlossen (_GenerateProjectRestoreGraph Ziel(e)).
     7>Die Erstellung von Projekt "C:\Code\Sortierung\src\Romulus.Api\Romulus.Api.csproj" ist abgeschlossen (_GenerateProjectRestoreGraph Ziel(e)).
     1>Restore:
         Bei der ├£berpr├╝fung der X.509-Zertifikatkette wird der von .NET ausgew├ñhlte Standardvertrauensspeicher f├╝r Codesignaturen verwendet.
         Bei der ├£berpr├╝fung der X.509-Zertifikatkette wird der von .NET ausgew├ñhlte Standardvertrauensspeicher f├╝r Zeitstempel verwendet.
         Die Assetdatei wurde nicht ge├ñndert. Das Schreiben der Assetdatei wird ├╝bersprungen. Pfad: C:\Code\Sortierung\src\Romulus.Core\obj\project.assets.json
         Die Assetdatei wurde nicht ge├ñndert. Das Schreiben der Assetdatei wird ├╝bersprungen. Pfad: C:\Code\Sortierung\src\Romulus.Contracts\obj\project.assets.json
         Die Assetdatei wurde nicht ge├ñndert. Das Schreiben der Assetdatei wird ├╝bersprungen. Pfad: C:\Code\Sortierung\src\Romulus.Api\obj\project.assets.json
         Die Assetdatei wurde nicht ge├ñndert. Das Schreiben der Assetdatei wird ├╝bersprungen. Pfad: C:\Code\Sortierung\src\Romulus.CLI\obj\project.assets.json
         Die Assetdatei wurde nicht ge├ñndert. Das Schreiben der Assetdatei wird ├╝bersprungen. Pfad: C:\Code\Sortierung\src\Romulus.Infrastructure\obj\project.assets.json
         "C:\Code\Sortierung\src\Romulus.Contracts\Romulus.Contracts.csproj" wiederhergestellt (in 102 ms.).
         "C:\Code\Sortierung\src\Romulus.Core\Romulus.Core.csproj" wiederhergestellt (in 102 ms.).
         "C:\Code\Sortierung\src\Romulus.Api\Romulus.Api.csproj" wiederhergestellt (in 100 ms.).
         "C:\Code\Sortierung\src\Romulus.CLI\Romulus.CLI.csproj" wiederhergestellt (in 101 ms.).
         "C:\Code\Sortierung\src\Romulus.Infrastructure\Romulus.Infrastructure.csproj" wiederhergestellt (in 101 ms.).
         Die Assetdatei wurde nicht ge├ñndert. Das Schreiben der Assetdatei wird ├╝bersprungen. Pfad: C:\Code\Sortierung\src\Romulus.UI.Wpf\obj\project.assets.json
         "C:\Code\Sortierung\src\Romulus.UI.Wpf\Romulus.UI.Wpf.csproj" wiederhergestellt (in 105 ms.).
         Die Assetdatei wurde nicht ge├ñndert. Das Schreiben der Assetdatei wird ├╝bersprungen. Pfad: C:\Code\Sortierung\src\Romulus.Tests\obj\project.assets.json
         "C:\Code\Sortierung\src\Romulus.Tests\Romulus.Tests.csproj" wiederhergestellt (in 108 ms.).
         
         Verwendete NuGet-Konfigurationsdateien:
             C:\Users\Cemal\AppData\Roaming\NuGet\NuGet.Config
         
         Verwendete Feeds:
             https://api.nuget.org/v3/index.json
         Alle Projekte sind f├╝r die Wiederherstellung auf dem neuesten Stand.
     1>Die Erstellung von Projekt "C:\Code\Sortierung\src\Romulus.Tests\Romulus.Tests.csproj" ist abgeschlossen (Restore Ziel(e)).
   1:7>Projekt "C:\Code\Sortierung\src\Romulus.Tests\Romulus.Tests.csproj" auf Knoten "5", VSTest Ziel(e).
     1>BuildProject:
         Buildvorgang gestartet, bitte warten...
   1:7>Das Projekt "C:\Code\Sortierung\src\Romulus.Tests\Romulus.Tests.csproj" (1:7) erstellt "C:\Code\Sortierung\src\Romulus.Tests\Romulus.Tests.csproj" (1:8) auf Knoten "5" (Standardziele).
   1:8>Das Projekt "C:\Code\Sortierung\src\Romulus.Tests\Romulus.Tests.csproj" (1:8) erstellt "C:\Code\Sortierung\src\Romulus.Contracts\Romulus.Contracts.csproj" (4:11) auf Knoten "4" (Standardziele).
     4>GenerateTargetFrameworkMonikerAttribute:
       Das Ziel "GenerateTargetFrameworkMonikerAttribute" wird ├╝bersprungen, da alle Ausgabedateien hinsichtlich der Eingabedateien aktuell sind.
       CoreGenerateAssemblyInfo:
       Das Ziel "CoreGenerateAssemblyInfo" wird ├╝bersprungen, da alle Ausgabedateien hinsichtlich der Eingabedateien aktuell sind.
       _GenerateSourceLinkFile:
         Die Quellverkn├╝pfungsdatei 'obj\Debug\net10.0\Romulus.Contracts.sourcelink.json' ist aktuell.
       CoreCompile:
       Das Ziel "CoreCompile" wird ├╝bersprungen, da alle Ausgabedateien hinsichtlich der Eingabedateien aktuell sind.
       GenerateBuildDependencyFile:
       Das Ziel "GenerateBuildDependencyFile" wird ├╝bersprungen, da alle Ausgabedateien hinsichtlich der Eingabedateien aktuell sind.
       CopyFilesToOutputDirectory:
         Romulus.Contracts -> C:\Code\Sortierung\src\Romulus.Contracts\bin\Debug\net10.0\Romulus.Contracts.dll
     4>Die Erstellung von Projekt "C:\Code\Sortierung\src\Romulus.Contracts\Romulus.Contracts.csproj" ist abgeschlossen (Standardziele).
   1:8>Das Projekt "C:\Code\Sortierung\src\Romulus.Tests\Romulus.Tests.csproj" (1:8) erstellt "C:\Code\Sortierung\src\Romulus.Core\Romulus.Core.csproj" (2:10) auf Knoten "2" (Standardziele).
     2>GenerateTargetFrameworkMonikerAttribute:
       Das Ziel "GenerateTargetFrameworkMonikerAttribute" wird ├╝bersprungen, da alle Ausgabedateien hinsichtlich der Eingabedateien aktuell sind.
       CoreGenerateAssemblyInfo:
       Das Ziel "CoreGenerateAssemblyInfo" wird ├╝bersprungen, da alle Ausgabedateien hinsichtlich der Eingabedateien aktuell sind.
       _GenerateSourceLinkFile:
         Die Quellverkn├╝pfungsdatei 'obj\Debug\net10.0\Romulus.Core.sourcelink.json' ist aktuell.
       CoreCompile:
       Das Ziel "CoreCompile" wird ├╝bersprungen, da alle Ausgabedateien hinsichtlich der Eingabedateien aktuell sind.
       GenerateBuildDependencyFile:
       Das Ziel "GenerateBuildDependencyFile" wird ├╝bersprungen, da alle Ausgabedateien hinsichtlich der Eingabedateien aktuell sind.
       CopyFilesToOutputDirectory:
         Romulus.Core -> C:\Code\Sortierung\src\Romulus.Core\bin\Debug\net10.0\Romulus.Core.dll
     2>Die Erstellung von Projekt "C:\Code\Sortierung\src\Romulus.Core\Romulus.Core.csproj" ist abgeschlossen (Standardziele).
   1:8>Das Projekt "C:\Code\Sortierung\src\Romulus.Tests\Romulus.Tests.csproj" (1:8) erstellt "C:\Code\Sortierung\src\Romulus.Infrastructure\Romulus.Infrastructure.csproj" (6:9) auf Knoten "6" (Standardziele).
     6>GenerateTargetFrameworkMonikerAttribute:
       Das Ziel "GenerateTargetFrameworkMonikerAttribute" wird ├╝bersprungen, da alle Ausgabedateien hinsichtlich der Eingabedateien aktuell sind.
       CoreGenerateAssemblyInfo:
       Das Ziel "CoreGenerateAssemblyInfo" wird ├╝bersprungen, da alle Ausgabedateien hinsichtlich der Eingabedateien aktuell sind.
       _GenerateSourceLinkFile:
         Die Quellverkn├╝pfungsdatei 'obj\Debug\net10.0\Romulus.Infrastructure.sourcelink.json' ist aktuell.
       CoreCompile:
       Das Ziel "CoreCompile" wird ├╝bersprungen, da alle Ausgabedateien hinsichtlich der Eingabedateien aktuell sind.
       GenerateBuildDependencyFile:
       Das Ziel "GenerateBuildDependencyFile" wird ├╝bersprungen, da alle Ausgabedateien hinsichtlich der Eingabedateien aktuell sind.
       CopyFilesToOutputDirectory:
         Romulus.Infrastructure -> C:\Code\Sortierung\src\Romulus.Infrastructure\bin\Debug\net10.0\Romulus.Infrastructure.dll
     6>Die Erstellung von Projekt "C:\Code\Sortierung\src\Romulus.Infrastructure\Romulus.Infrastructure.csproj" ist abgeschlossen (Standardziele).
   1:8>Das Projekt "C:\Code\Sortierung\src\Romulus.Tests\Romulus.Tests.csproj" (1:8) erstellt "C:\Code\Sortierung\src\Romulus.CLI\Romulus.CLI.csproj" (3:6) auf Knoten "5" (Standardziele).
     3>GenerateTargetFrameworkMonikerAttribute:
       Das Ziel "GenerateTargetFrameworkMonikerAttribute" wird ├╝bersprungen, da alle Ausgabedateien hinsichtlich der Eingabedateien aktuell sind.
   1:8>Das Projekt "C:\Code\Sortierung\src\Romulus.Tests\Romulus.Tests.csproj" (1:8) erstellt "C:\Code\Sortierung\src\Romulus.UI.Wpf\Romulus.UI.Wpf.csproj" (5:6) auf Knoten "1" (Standardziele).
     5>MainResourcesGeneration:
       Das Ziel "MainResourcesGeneration" wird ├╝bersprungen, da alle Ausgabedateien hinsichtlich der Eingabedateien aktuell sind.
     3>CoreGenerateAssemblyInfo:
       Das Ziel "CoreGenerateAssemblyInfo" wird ├╝bersprungen, da alle Ausgabedateien hinsichtlich der Eingabedateien aktuell sind.
     5>GenerateTargetFrameworkMonikerAttribute:
       Das Ziel "GenerateTargetFrameworkMonikerAttribute" wird ├╝bersprungen, da alle Ausgabedateien hinsichtlich der Eingabedateien aktuell sind.
     3>_GenerateSourceLinkFile:
         Die Quellverkn├╝pfungsdatei 'obj\Debug\net10.0\Romulus.CLI.sourcelink.json' ist aktuell.
       CoreCompile:
       Das Ziel "CoreCompile" wird ├╝bersprungen, da alle Ausgabedateien hinsichtlich der Eingabedateien aktuell sind.
       _CreateAppHost:
       Das Ziel "_CreateAppHost" wird ├╝bersprungen, da alle Ausgabedateien hinsichtlich der Eingabedateien aktuell sind.
       _CopyOutOfDateSourceItemsToOutputDirectory:
       Das Ziel "_CopyOutOfDateSourceItemsToOutputDirectory" wird ├╝bersprungen, da alle Ausgabedateien hinsichtlich der Eingabedateien aktuell sind.
       GenerateBuildDependencyFile:
       Das Ziel "GenerateBuildDependencyFile" wird ├╝bersprungen, da alle Ausgabedateien hinsichtlich der Eingabedateien aktuell sind.
       GenerateBuildRuntimeConfigurationFiles:
       Das Ziel "GenerateBuildRuntimeConfigurationFiles" wird ├╝bersprungen, da alle Ausgabedateien hinsichtlich der Eingabedateien aktuell sind.
     5>CoreGenerateAssemblyInfo:
       Das Ziel "CoreGenerateAssemblyInfo" wird ├╝bersprungen, da alle Ausgabedateien hinsichtlich der Eingabedateien aktuell sind.
       _GenerateSourceLinkFile:
         Die Quellverkn├╝pfungsdatei 'obj\Debug\net10.0-windows\Romulus.UI.Wpf.sourcelink.json' ist aktuell.
     3>CopyFilesToOutputDirectory:
         Romulus.CLI -> C:\Code\Sortierung\src\Romulus.CLI\bin\Debug\net10.0\romulus.dll
     5>CoreCompile:
       Das Ziel "CoreCompile" wird ├╝bersprungen, da alle Ausgabedateien hinsichtlich der Eingabedateien aktuell sind.
       _CreateAppHost:
       Das Ziel "_CreateAppHost" wird ├╝bersprungen, da alle Ausgabedateien hinsichtlich der Eingabedateien aktuell sind.
   1:8>Das Projekt "C:\Code\Sortierung\src\Romulus.Tests\Romulus.Tests.csproj" (1:8) erstellt "C:\Code\Sortierung\src\Romulus.Api\Romulus.Api.csproj" (7:6) auf Knoten "3" (Standardziele).
     7>GenerateTargetFrameworkMonikerAttribute:
       Das Ziel "GenerateTargetFrameworkMonikerAttribute" wird ├╝bersprungen, da alle Ausgabedateien hinsichtlich der Eingabedateien aktuell sind.
     3>Die Erstellung von Projekt "C:\Code\Sortierung\src\Romulus.CLI\Romulus.CLI.csproj" ist abgeschlossen (Standardziele).
     5>_CopyOutOfDateSourceItemsToOutputDirectory:
       Das Ziel "_CopyOutOfDateSourceItemsToOutputDirectory" wird ├╝bersprungen, da alle Ausgabedateien hinsichtlich der Eingabedateien aktuell sind.
       GenerateBuildDependencyFile:
       Das Ziel "GenerateBuildDependencyFile" wird ├╝bersprungen, da alle Ausgabedateien hinsichtlich der Eingabedateien aktuell sind.
       GenerateBuildRuntimeConfigurationFiles:
       Das Ziel "GenerateBuildRuntimeConfigurationFiles" wird ├╝bersprungen, da alle Ausgabedateien hinsichtlich der Eingabedateien aktuell sind.
     7>CoreGenerateAssemblyInfo:
       Das Ziel "CoreGenerateAssemblyInfo" wird ├╝bersprungen, da alle Ausgabedateien hinsichtlich der Eingabedateien aktuell sind.
       _DiscoverMvcApplicationParts:
       Das Ziel "_DiscoverMvcApplicationParts" wird ├╝bersprungen, da alle Ausgabedateien hinsichtlich der Eingabedateien aktuell sind.
     5>CopyFilesToOutputDirectory:
         Romulus.UI.Wpf -> C:\Code\Sortierung\src\Romulus.UI.Wpf\bin\Debug\net10.0-windows\Romulus.Wpf.dll
     5>Die Erstellung von Projekt "C:\Code\Sortierung\src\Romulus.UI.Wpf\Romulus.UI.Wpf.csproj" ist abgeschlossen (Standardziele).
     7>_GenerateSourceLinkFile:
         Die Quellverkn├╝pfungsdatei 'obj\Debug\net10.0\Romulus.Api.sourcelink.json' ist aktuell.
       CoreCompile:
       Das Ziel "CoreCompile" wird ├╝bersprungen, da alle Ausgabedateien hinsichtlich der Eingabedateien aktuell sind.
       _CreateAppHost:
       Das Ziel "_CreateAppHost" wird ├╝bersprungen, da alle Ausgabedateien hinsichtlich der Eingabedateien aktuell sind.
       _ProcessScopedCssFiles:
       Das Ziel "_ProcessScopedCssFiles" wird ├╝bersprungen, da es keine Ausgaben enth├ñlt.
       _ProcessScopedCssFiles:
       Das Ziel "_ProcessScopedCssFiles" wird ├╝bersprungen, da es keine Ausgaben enth├ñlt.
       ResolveBuildCompressedStaticWebAssetsConfiguration:
         Accepted compressed asset 'C:\Code\Sortierung\src\Romulus.Api\obj\Debug\net10.0\compressed\as4o3d2app-{0}-xqm21hqbun-xqm21hqbun.gz' for 'C:\Code\Sortierung\src\Romulus.Api\wwwroot\dashboard\app.js'.
         Accepted compressed asset 'C:\Code\Sortierung\src\Romulus.Api\obj\Debug\net10.0\compressed\q2vzwfq4ax-{0}-3c16bei4sk-3c16bei4sk.gz' for 'C:\Code\Sortierung\src\Romulus.Api\wwwroot\dashboard\index.html'.
         Accepted compressed asset 'C:\Code\Sortierung\src\Romulus.Api\obj\Debug\net10.0\compressed\tznm6yqyri-{0}-laz3yji6yb-laz3yji6yb.gz' for 'C:\Code\Sortierung\src\Romulus.Api\wwwroot\dashboard\styles.css'.
         Accepted compressed asset 'C:\Code\Sortierung\src\Romulus.Api\obj\Debug\net10.0\compressed\6udkwjsfeo-{0}-3qnkhq2dm2-3qnkhq2dm2.gz' for 'C:\Code\Sortierung\src\Romulus.Api\wwwroot\index.html'.
         Resolved 4 compressed assets for 4 candidate assets.
       ResolveBuildCompressedStaticWebAssets:
         Processing compressed asset: C:\Code\Sortierung\src\Romulus.Api\obj\Debug\net10.0\compressed\6udkwjsfeo-{0}-3qnkhq2dm2-3qnkhq2dm2.gz
         Processing compressed asset: C:\Code\Sortierung\src\Romulus.Api\obj\Debug\net10.0\compressed\tznm6yqyri-{0}-laz3yji6yb-laz3yji6yb.gz
         Processing compressed asset: C:\Code\Sortierung\src\Romulus.Api\obj\Debug\net10.0\compressed\q2vzwfq4ax-{0}-3c16bei4sk-3c16bei4sk.gz
         Processing compressed asset: C:\Code\Sortierung\src\Romulus.Api\obj\Debug\net10.0\compressed\as4o3d2app-{0}-xqm21hqbun-xqm21hqbun.gz
       _BuildCopyStaticWebAssetsPreserveNewest:
       Das Ziel "_BuildCopyStaticWebAssetsPreserveNewest" wird ├╝bersprungen, da es keine Ausgaben enth├ñlt.
       _CopyOutOfDateSourceItemsToOutputDirectory:
       Das Ziel "_CopyOutOfDateSourceItemsToOutputDirectory" wird ├╝bersprungen, da alle Ausgabedateien hinsichtlich der Eingabedateien aktuell sind.
       GenerateBuildDependencyFile:
       Das Ziel "GenerateBuildDependencyFile" wird ├╝bersprungen, da alle Ausgabedateien hinsichtlich der Eingabedateien aktuell sind.
       GenerateBuildRuntimeConfigurationFiles:
       Das Ziel "GenerateBuildRuntimeConfigurationFiles" wird ├╝bersprungen, da alle Ausgabedateien hinsichtlich der Eingabedateien aktuell sind.
       CopyFilesToOutputDirectory:
         Romulus.Api -> C:\Code\Sortierung\src\Romulus.Api\bin\Debug\net10.0\Romulus.Api.dll
     7>Die Erstellung von Projekt "C:\Code\Sortierung\src\Romulus.Api\Romulus.Api.csproj" ist abgeschlossen (Standardziele).
     1>GenerateTargetFrameworkMonikerAttribute:
       Das Ziel "GenerateTargetFrameworkMonikerAttribute" wird ├╝bersprungen, da alle Ausgabedateien hinsichtlich der Eingabedateien aktuell sind.
       CoreGenerateAssemblyInfo:
       Das Ziel "CoreGenerateAssemblyInfo" wird ├╝bersprungen, da alle Ausgabedateien hinsichtlich der Eingabedateien aktuell sind.
       _GenerateSourceLinkFile:
         Die Quellverkn├╝pfungsdatei 'obj\Debug\net10.0-windows\Romulus.Tests.sourcelink.json' ist aktuell.
       CoreCompile:
       Das Ziel "CoreCompile" wird ├╝bersprungen, da alle Ausgabedateien hinsichtlich der Eingabedateien aktuell sind.
       _CopyOutOfDateSourceItemsToOutputDirectory:
       Das Ziel "_CopyOutOfDateSourceItemsToOutputDirectory" wird teilweise erstellt, da einige Ausgabedateien hinsichtlich ihrer Eingabedateien veraltet sind.
         Die Datei wird von "C:\Code\Sortierung\src\Romulus.Tests\obj\Debug\net10.0-windows\MvcTestingAppManifest.json" in "C:\Code\Sortierung\src\Romulus.Tests\bin\Debug\net10.0-windows\MvcTestingAppManifest.json" kopiert.
       GenerateBuildDependencyFile:
       Das Ziel "GenerateBuildDependencyFile" wird ├╝bersprungen, da alle Ausgabedateien hinsichtlich der Eingabedateien aktuell sind.
       GenerateBuildRuntimeConfigurationFiles:
       Das Ziel "GenerateBuildRuntimeConfigurationFiles" wird ├╝bersprungen, da alle Ausgabedateien hinsichtlich der Eingabedateien aktuell sind.
       CopyFilesToOutputDirectory:
         Romulus.Tests -> C:\Code\Sortierung\src\Romulus.Tests\bin\Debug\net10.0-windows\Romulus.Tests.dll
       _MvcCopyDependencyFiles:
         Die Datei wird von "C:\Code\Sortierung\src\Romulus.Api\bin\Debug\net10.0\Romulus.Api.deps.json" in "C:\Code\Sortierung\src\Romulus.Tests\bin\Debug\net10.0-windows\Romulus.Api.deps.json" kopiert.
         Die Datei wird von "C:\Code\Sortierung\src\Romulus.Contracts\bin\Debug\net10.0\Romulus.Contracts.deps.json" in "C:\Code\Sortierung\src\Romulus.Tests\bin\Debug\net10.0-windows\Romulus.Contracts.deps.json" kopiert.
         Die Datei wird von "C:\Code\Sortierung\src\Romulus.Core\bin\Debug\net10.0\Romulus.Core.deps.json" in "C:\Code\Sortierung\src\Romulus.Tests\bin\Debug\net10.0-windows\Romulus.Core.deps.json" kopiert.
         Die Datei wird von "C:\Code\Sortierung\src\Romulus.CLI\bin\Debug\net10.0\romulus.deps.json" in "C:\Code\Sortierung\src\Romulus.Tests\bin\Debug\net10.0-windows\romulus.deps.json" kopiert.
         Die Datei wird von "C:\Code\Sortierung\src\Romulus.Infrastructure\bin\Debug\net10.0\Romulus.Infrastructure.deps.json" in "C:\Code\Sortierung\src\Romulus.Tests\bin\Debug\net10.0-windows\Romulus.Infrastructure.deps.json" kopiert.
         Die Datei wird von "C:\Code\Sortierung\src\Romulus.UI.Wpf\bin\Debug\net10.0-windows\Romulus.Wpf.deps.json" in "C:\Code\Sortierung\src\Romulus.Tests\bin\Debug\net10.0-windows\Romulus.Wpf.deps.json" kopiert.
     1>Die Erstellung von Projekt "C:\Code\Sortierung\src\Romulus.Tests\Romulus.Tests.csproj" ist abgeschlossen (Standardziele).
     1>BuildProject:
         Buildvorgang abgeschlossen.
         
Testlauf f├╝r "C:\Code\Sortierung\src\Romulus.Tests\bin\Debug\net10.0-windows\Romulus.Tests.dll" (.NETCoreApp,Version=v10.0)
Insgesamt 1 Testdateien stimmten mit dem angegebenen Muster ├╝berein.
[xUnit.net 00:00:00.00] xUnit.net VSTest Adapter v3.1.5+1b188a7b0a (64-bit .NET 10.0.7)
[xUnit.net 00:00:01.17]   Discovering: Romulus.Tests
[xUnit.net 00:00:02.37]   Discovered:  Romulus.Tests
[xUnit.net 00:00:02.43]   Starting:    Romulus.Tests
[xUnit.net 00:00:02.91]     Romulus.Tests.ApiValidationIntegrationTests.Healthz_NoAuthRequired_Returns200 [FAIL]
[xUnit.net 00:00:02.92]       System.InvalidOperationException : Schema validation failed for 'consoles.json': $.consoles[0].tier is not allowed by schema.
[xUnit.net 00:00:02.92]       Stack Trace:
[xUnit.net 00:00:02.92]         C:\Code\Sortierung\src\Romulus.Infrastructure\Configuration\StartupDataSchemaValidator.cs(49,0): at Romulus.Infrastructure.Configuration.StartupDataSchemaValidator.ValidateFileAgainstSchema(String dataPath, String schemaPath, String displayName)
[xUnit.net 00:00:02.92]         C:\Code\Sortierung\src\Romulus.Infrastructure\Configuration\StartupDataSchemaValidator.cs(30,0): at Romulus.Infrastructure.Configuration.StartupDataSchemaValidator.ValidateRequiredFiles(String dataDirectory)
[xUnit.net 00:00:02.92]         C:\Code\Sortierung\src\Romulus.Infrastructure\SharedServiceRegistration.cs(26,0): at Romulus.Infrastructure.SharedServiceRegistration.AddRomulusCore(IServiceCollection services)
[xUnit.net 00:00:02.92]         C:\Code\Sortierung\src\Romulus.Api\Program.cs(45,0): at Program.<Main>$(String[] args)
[xUnit.net 00:00:02.92]            at System.Reflection.MethodBaseInvoker.InterpretedInvoke_Method(Object obj, IntPtr* args)
[xUnit.net 00:00:02.92]            at System.Reflection.MethodBaseInvoker.InvokeDirectByRefWithFewArgs(Object obj, Span`1 copyOfArgs, BindingFlags invokeAttr)
[xUnit.net 00:00:02.92]         --- End of stack trace from previous location ---
[xUnit.net 00:00:02.92]            at Microsoft.Extensions.Hosting.HostFactoryResolver.HostingListener.CreateHost()
[xUnit.net 00:00:02.92]            at Microsoft.Extensions.Hosting.HostFactoryResolver.<>c__DisplayClass10_0.<ResolveHostFactory>b__0(String[] args)
[xUnit.net 00:00:02.92]            at Microsoft.AspNetCore.Mvc.Testing.DeferredHostBuilder.Build()
[xUnit.net 00:00:02.92]            at Microsoft.AspNetCore.Mvc.Testing.WebApplicationFactory`1.CreateHost(IHostBuilder builder)
[xUnit.net 00:00:02.92]            at Microsoft.AspNetCore.Mvc.Testing.WebApplicationFactory`1.ConfigureHostBuilder(IHostBuilder hostBuilder)
[xUnit.net 00:00:02.92]            at Microsoft.AspNetCore.Mvc.Testing.WebApplicationFactory`1.StartServer()
[xUnit.net 00:00:02.92]            at Microsoft.AspNetCore.Mvc.Testing.WebApplicationFactory`1.CreateDefaultClient(DelegatingHandler[] handlers)
[xUnit.net 00:00:02.92]            at Microsoft.AspNetCore.Mvc.Testing.WebApplicationFactory`1.CreateDefaultClient(Uri baseAddress, DelegatingHandler[] handlers)
[xUnit.net 00:00:02.92]            at Microsoft.AspNetCore.Mvc.Testing.WebApplicationFactory`1.CreateClient(WebApplicationFactoryClientOptions options)
[xUnit.net 00:00:02.92]            at Microsoft.AspNetCore.Mvc.Testing.WebApplicationFactory`1.CreateClient()
[xUnit.net 00:00:02.92]         C:\Code\Sortierung\src\Romulus.Tests\ApiValidationIntegrationTests.cs(594,0): at Romulus.Tests.ApiValidationIntegrationTests.Healthz_NoAuthRequired_Returns200()
[xUnit.net 00:00:02.92]         --- End of stack trace from previous location ---
[xUnit.net 00:00:02.93]   Finished:    Romulus.Tests
  Fehler Romulus.Tests.ApiValidationIntegrationTests.Healthz_NoAuthRequired_Returns200 [374 ms]
  Fehlermeldung:
   System.InvalidOperationException : Schema validation failed for 'consoles.json': $.consoles[0].tier is not allowed by schema.
  Stapelverfolgung:
     at Romulus.Infrastructure.Configuration.StartupDataSchemaValidator.ValidateFileAgainstSchema(String dataPath, String schemaPath, String displayName) in C:\Code\Sortierung\src\Romulus.Infrastructure\Configuration\StartupDataSchemaValidator.cs:line 49
   at Romulus.Infrastructure.Configuration.StartupDataSchemaValidator.ValidateRequiredFiles(String dataDirectory) in C:\Code\Sortierung\src\Romulus.Infrastructure\Configuration\StartupDataSchemaValidator.cs:line 30
   at Romulus.Infrastructure.SharedServiceRegistration.AddRomulusCore(IServiceCollection services) in C:\Code\Sortierung\src\Romulus.Infrastructure\SharedServiceRegistration.cs:line 26
   at Program.<Main>$(String[] args) in C:\Code\Sortierung\src\Romulus.Api\Program.cs:line 45
   at System.Reflection.MethodBaseInvoker.InterpretedInvoke_Method(Object obj, IntPtr* args)
   at System.Reflection.MethodBaseInvoker.InvokeDirectByRefWithFewArgs(Object obj, Span`1 copyOfArgs, BindingFlags invokeAttr)
--- End of stack trace from previous location ---
   at Microsoft.Extensions.Hosting.HostFactoryResolver.HostingListener.CreateHost()
   at Microsoft.Extensions.Hosting.HostFactoryResolver.<>c__DisplayClass10_0.<ResolveHostFactory>b__0(String[] args)
   at Microsoft.AspNetCore.Mvc.Testing.DeferredHostBuilder.Build()
   at Microsoft.AspNetCore.Mvc.Testing.WebApplicationFactory`1.CreateHost(IHostBuilder builder)
   at Microsoft.AspNetCore.Mvc.Testing.WebApplicationFactory`1.ConfigureHostBuilder(IHostBuilder hostBuilder)
   at Microsoft.AspNetCore.Mvc.Testing.WebApplicationFactory`1.StartServer()
   at Microsoft.AspNetCore.Mvc.Testing.WebApplicationFactory`1.CreateDefaultClient(DelegatingHandler[] handlers)
   at Microsoft.AspNetCore.Mvc.Testing.WebApplicationFactory`1.CreateDefaultClient(Uri baseAddress, DelegatingHandler[] handlers)
   at Microsoft.AspNetCore.Mvc.Testing.WebApplicationFactory`1.CreateClient(WebApplicationFactoryClientOptions options)
   at Microsoft.AspNetCore.Mvc.Testing.WebApplicationFactory`1.CreateClient()
   at Romulus.Tests.ApiValidationIntegrationTests.Healthz_NoAuthRequired_Returns200() in C:\Code\Sortierung\src\Romulus.Tests\ApiValidationIntegrationTests.cs:line 594
--- End of stack trace from previous location ---

Fehler beim Testlauf.
Gesamtzahl Tests: 1
     Nicht bestanden: 1
 Gesamtzeit: 3.9673 Sekunden
       _VSTestConsole:
         MSB4181: Die Aufgabe "VSTestTask" hat FALSE zur├╝ckgegeben, jedoch keinen Fehler protokolliert.
     1>Die Erstellung des Projekts "C:\Code\Sortierung\src\Romulus.Tests\Romulus.Tests.csproj" ist abgeschlossen, VSTest Ziel(e) -- FEHLER.

Fehler beim Buildvorgang.
    0 Warnung(en)
    0 Fehler

Verstrichene Zeit 00:00:10.07
