Testlauf f├╝r "C:\Code\Sortierung\src\Romulus.Tests\bin\Debug\net10.0-windows\Romulus.Tests.dll" (.NETCoreApp,Version=v10.0)
Insgesamt 1 Testdateien stimmten mit dem angegebenen Muster ├╝berein.
[xUnit.net 00:01:56.14]     Romulus.Tests.CliRedPhaseTests.CliDryRunJson_ContainsAllRunProjectionFields_Issue9 [FAIL]
  Fehler Romulus.Tests.CliRedPhaseTests.CliDryRunJson_ContainsAllRunProjectionFields_Issue9 [419 ms]
  Fehlermeldung:
   CLI DryRun JSON is missing RunProjection field 'FailedPhaseName'
  Stapelverfolgung:
     at Romulus.Tests.CliRedPhaseTests.CliDryRunJson_ContainsAllRunProjectionFields_Issue9() in C:\Code\Sortierung\src\Romulus.Tests\CliRedPhaseTests.cs:line 344
   at System.RuntimeMethodHandle.InvokeMethod(ObjectHandleOnStack target, Void** arguments, ObjectHandleOnStack sig, BOOL isConstructor, ObjectHandleOnStack result)
   at System.Reflection.MethodBaseInvoker.InterpretedInvoke_Method(Object obj, IntPtr* args)
   at System.Reflection.RuntimeMethodInfo.Invoke(Object obj, BindingFlags invokeAttr, Binder binder, Object[] parameters, CultureInfo culture)
[xUnit.net 00:02:37.89]     Romulus.Tests.TrackerAllFindingsBatch2RedTests.Sort04_AuditCsvStore_FileLockMap_MustNotGrowUnbounded [FAIL]
  Fehler Romulus.Tests.TrackerAllFindingsBatch2RedTests.Sort04_AuditCsvStore_FileLockMap_MustNotGrowUnbounded [571 ms]
  Fehlermeldung:
   Assert.Equal() Failure: Values differ
Expected: 0
Actual:   1
  Stapelverfolgung:
     at Romulus.Tests.TrackerAllFindingsBatch2RedTests.Sort04_AuditCsvStore_FileLockMap_MustNotGrowUnbounded() in C:\Code\Sortierung\src\Romulus.Tests\TrackerAllFindingsBatch2RedTests.cs:line 71
   at System.RuntimeMethodHandle.InvokeMethod(ObjectHandleOnStack target, Void** arguments, ObjectHandleOnStack sig, BOOL isConstructor, ObjectHandleOnStack result)
   at System.Reflection.MethodBaseInvoker.InterpretedInvoke_Method(Object obj, IntPtr* args)
   at System.Reflection.RuntimeMethodInfo.Invoke(Object obj, BindingFlags invokeAttr, Binder binder, Object[] parameters, CultureInfo culture)
[xUnit.net 00:02:40.79]     Romulus.Tests.ToolRunnerAdapterTests.InvokeProcess_CancelledToken_KillsSpawnedProcess [FAIL]
  Fehler Romulus.Tests.ToolRunnerAdapterTests.InvokeProcess_CancelledToken_KillsSpawnedProcess [418 ms]
  Fehlermeldung:
   Assert.Equal() Failure: Values differ
Expected: 2
Actual:   1
  Stapelverfolgung:
     at Romulus.Tests.ToolRunnerAdapterTests.InvokeProcess_CancelledToken_KillsSpawnedProcess() in C:\Code\Sortierung\src\Romulus.Tests\ToolRunnerAdapterTests.cs:line 116
   at System.RuntimeMethodHandle.InvokeMethod(ObjectHandleOnStack target, Void** arguments, ObjectHandleOnStack sig, BOOL isConstructor, ObjectHandleOnStack result)
   at System.Reflection.MethodBaseInvoker.InterpretedInvoke_Method(Object obj, IntPtr* args)
   at System.Reflection.RuntimeMethodInfo.Invoke(Object obj, BindingFlags invokeAttr, Binder binder, Object[] parameters, CultureInfo culture)
[xUnit.net 00:04:01.51]     Romulus.Tests.Conversion.ConversionPhaseHelperRegressionTests.ConvertOnlyPhase_SuccessfulCueConversion_MovesDescriptorAndSetMembersToConvertedTrash [FAIL]
  Fehler Romulus.Tests.Conversion.ConversionPhaseHelperRegressionTests.ConvertOnlyPhase_SuccessfulCueConversion_MovesDescriptorAndSetMembersToConvertedTrash [9 ms]
  Fehlermeldung:
   Assert.False() Failure
Expected: False
Actual:   True
  Stapelverfolgung:
     at Romulus.Tests.Conversion.ConversionPhaseHelperRegressionTests.ConvertOnlyPhase_SuccessfulCueConversion_MovesDescriptorAndSetMembersToConvertedTrash() in C:\Code\Sortierung\src\Romulus.Tests\Conversion\ConversionPhaseHelperRegressionTests.cs:line 116
   at System.RuntimeMethodHandle.InvokeMethod(ObjectHandleOnStack target, Void** arguments, ObjectHandleOnStack sig, BOOL isConstructor, ObjectHandleOnStack result)
   at System.Reflection.MethodBaseInvoker.InterpretedInvoke_Method(Object obj, IntPtr* args)
   at System.Reflection.RuntimeMethodInfo.Invoke(Object obj, BindingFlags invokeAttr, Binder binder, Object[] parameters, CultureInfo culture)
Ergebnisdatei: C:\Code\Sortierung\artifacts\r2-final.trx

Fehler!      : Fehler:     4, erfolgreich:  9053, ├╝bersprungen:     0, gesamt:  9057, Dauer: 29 m 57 s - Romulus.Tests.dll (net10.0)
