Testlauf f├╝r "C:\Code\Sortierung\src\Romulus.Tests\bin\Debug\net10.0-windows\Romulus.Tests.dll" (.NETCoreApp,Version=v10.0)
Insgesamt 1 Testdateien stimmten mit dem angegebenen Muster ├╝berein.
[xUnit.net 00:00:09.46]     Romulus.Tests.DatRepositoryAdapterTests.GetDatIndex_BiosGameName_SetsIsBiosFlag [FAIL]
  Fehler Romulus.Tests.DatRepositoryAdapterTests.GetDatIndex_BiosGameName_SetsIsBiosFlag [26 ms]
  Fehlermeldung:
   Assert.True() Failure
Expected: True
Actual:   False
  Stapelverfolgung:
     at Romulus.Tests.DatRepositoryAdapterTests.GetDatIndex_BiosGameName_SetsIsBiosFlag() in C:\Code\Sortierung\src\Romulus.Tests\DatRepositoryAdapterTests.cs:line 133
   at System.Reflection.MethodBaseInvoker.InterpretedInvoke_Method(Object obj, IntPtr* args)
   at System.Reflection.RuntimeMethodInfo.Invoke(Object obj, BindingFlags invokeAttr, Binder binder, Object[] parameters, CultureInfo culture)
[xUnit.net 00:01:04.08]     Romulus.Tests.PreviewExecuteParityTests.DryRunWithConvertFormat_ReportsConversionPlanWithoutExecutingConverter [FAIL]
  Fehler Romulus.Tests.PreviewExecuteParityTests.DryRunWithConvertFormat_ReportsConversionPlanWithoutExecutingConverter [21 ms]
  Fehlermeldung:
   Assert.NotNull() Failure: Value is null
  Stapelverfolgung:
     at Romulus.Tests.PreviewExecuteParityTests.DryRunWithConvertFormat_ReportsConversionPlanWithoutExecutingConverter() in C:\Code\Sortierung\src\Romulus.Tests\PreviewExecuteParityTests.cs:line 221
   at System.RuntimeMethodHandle.InvokeMethod(ObjectHandleOnStack target, Void** arguments, ObjectHandleOnStack sig, BOOL isConstructor, ObjectHandleOnStack result)
   at System.Reflection.MethodBaseInvoker.InterpretedInvoke_Method(Object obj, IntPtr* args)
   at System.Reflection.RuntimeMethodInfo.Invoke(Object obj, BindingFlags invokeAttr, Binder binder, Object[] parameters, CultureInfo culture)
[xUnit.net 00:03:07.88]     Romulus.Tests.Phase3ImportantBugTests.R4_009_ConvertOnlyPipelinePhase_TrackSetMembers_False [FAIL]
  Fehler Romulus.Tests.Phase3ImportantBugTests.R4_009_ConvertOnlyPipelinePhase_TrackSetMembers_False [1 ms]
  Fehlermeldung:
   Assert.Contains() Failure: Sub-string not found
String:    "{\r\n        context.Metrics.StartPhase(Nam"┬À┬À┬À
Not found: "TrackSetMembers: false"
  Stapelverfolgung:
     at Romulus.Tests.Phase3ImportantBugTests.R4_009_ConvertOnlyPipelinePhase_TrackSetMembers_False() in C:\Code\Sortierung\src\Romulus.Tests\Phase3ImportantBugTests.cs:line 289
   at System.RuntimeMethodHandle.InvokeMethod(ObjectHandleOnStack target, Void** arguments, ObjectHandleOnStack sig, BOOL isConstructor, ObjectHandleOnStack result)
   at System.Reflection.MethodBaseInvoker.InterpretedInvoke_Method(Object obj, IntPtr* args)
   at System.Reflection.RuntimeMethodInfo.Invoke(Object obj, BindingFlags invokeAttr, Binder binder, Object[] parameters, CultureInfo culture)
Der aktive Testlauf wurde abgebrochen. Grund: Der Testhostprozess ist abgest├╝rzt. : [ERROR] Run b5d89d3cebf74a08a2f26da7367fce25 failed: System.InvalidOperationException: Simulated pipeline failure
   at Romulus.Tests.ApiRedPhaseTests.<>c.<Failed_Result_Error_Should_Be_StructuredObject_Issue9>b__9_0(RunRecord _, IFileSystem _, IAuditStore _, CancellationToken _) in C:\Code\Sortierung\src\Romulus.Tests\ApiRedPhaseTests.cs:line 312
   at Romulus.Api.RunManager.<>c__DisplayClass7_0.<.ctor>b__0(RunRecord run, IFileSystem fileSystem, IAuditStore auditStore, CancellationToken cancellationToken) in C:\Code\Sortierung\src\Romulus.Api\RunManager.cs:line 47
   at Romulus.Api.RunLifecycleManager.ExecuteRunAsync(RunRecord run) in C:\Code\Sortierung\src\Romulus.Api\RunLifecycleManager.cs:line 298
[ERROR] Run 5d8a732b091c415faafdb715f50de20d failed: System.InvalidOperationException: Secret DB password is XYZ123!
   at Romulus.Tests.ApiSecurityTests.<>c.<FailedRun_ErrorMessage_DoesNotLeakExceptionDetails>b__15_0(RunRecord _, IFileSystem _, IAuditStore _, CancellationToken _) in C:\Code\Sortierung\src\Romulus.Tests\ApiSecurityTests.cs:line 265
   at Romulus.Api.RunManager.<>c__DisplayClass7_0.<.ctor>b__0(RunRecord run, IFileSystem fileSystem, IAuditStore auditStore, CancellationToken cancellationToken) in C:\Code\Sortierung\src\Romulus.Api\RunManager.cs:line 47
   at Romulus.Api.RunLifecycleManager.ExecuteRunAsync(RunRecord run) in C:\Code\Sortierung\src\Romulus.Api\RunLifecycleManager.cs:line 298
[Error] Unknown flag '--unknownflag'. Use --help for usage.
[Error] Root directory not found: C:\Users\Cemal\AppData\Local\Temp\nonexistent_9ad3fd75d7094aeda3715740fde6f388
[Error] Root directory is in a protected system path: C:\WINDOWS
[Error] Root directory is in a protected system path: C:\Program Files
[CollectionIndex] Recovering database after signature validation failure.
[CollectionIndex] Primary database unavailable: The process cannot access the file 'C:\Users\Cemal\AppData\Roaming\Romulus\collection.db' because it is being used by another process.
[CollectionIndex] Using fallback database: C:\Users\Cemal\AppData\Local\Temp\Romulus\collection-index-fallback\collection-cd467aba066f447d843f097ea0a7d292.db
[ReviewStore] Recovering database after signature validation failure.
[ReviewStore] Disabled for this run: The process cannot access the file 'C:\Users\Cemal\AppData\Roaming\Romulus\collection.db' because it is being used by another process.
[Preflight] Voraussetzungen pruefen...
[Preflight] OK - 1 Root(s), 86 Extension(s), Modus: DryRun
[Scan] Scanne 1 Root-Ordner...
[Scan] Root: {0}
[Scan] {0}: Erfassung laeuft...
[Scan] {0}: {1} Dateien gefunden
[DAT] Kein Match fuer UNKNOWN-Konsole: Game (USA).zip
[Scan] Done: 1 files in 299ms
[FolderDedupe] Auto-dedupe: no roots detected that need folder-level deduplication
[FolderDedupe] Preview: 0 Analyse-Ergebnis(se), PS3-Roots=0, BaseName-Roots=0
[Quarantine] Preview-Sampling: 1/1 Kandidaten (Limit=2000)
[Quarantine] Preview: 0 verdaechtige Datei(en) im Sample von 1 Kandidaten
[Hardlink] NTFS-Hardlink support: 1/1 Root(s)
[Plan] Phase: Deduplicate
[Dedupe] Gruppiere 1 Dateien nach GameKey...
[Dedupe] Done in 0ms: 1 groups, Keep=1, Move=0, Junk=0
[Plan] Phase: JunkRemoval
[Junk] Entferne Junk-Dateien...
[Junk] 0 Junk-Datei(en) entfernt
[Audit] Schreibe Audit-Sidecar...
[Fertig] Pipeline done in 299ms - 1 files, 1 groups
[CollectionIndex] Recovering database after signature validation failure.
[CollectionIndex] Run snapshot persist skipped: The process cannot access the file 'C:\Users\Cemal\AppData\Roaming\Romulus\collection.db' because it is being used by another process.
[Error] Invalid mode 'Delete'. Must be DryRun or Move.
[ERROR] Run 6ddfa66f606c481db03722afbfe16136 failed: System.InvalidOperationException: trashRoot must not be inside any configured root path.
   at Romulus.Infrastructure.Orchestration.RunOptionsFactory.Create(IRunOptionsSource source, String auditPath, String reportPath) in C:\Code\Sortierung\src\Romulus.Infrastructure\Orchestration\RunOptionsFactory.cs:line 69
   at Romulus.Api.RunManager.ExecuteWithOrchestratorAsync(RunRecord run, IFileSystem fs, IAuditStore audit, CancellationToken ct) in C:\Code\Sortierung\src\Romulus.Api\RunManager.cs:line 120
   at Romulus.Api.RunLifecycleManager.ExecuteRunAsync(RunRecord run) in C:\Code\Sortierung\src\Romulus.Api\RunLifecycleManager.cs:line 298

Ergebnisdatei: C:\Code\Sortierung\artifacts\restpunkte-final.trx

Fehler!      : Fehler:     3, erfolgreich:  8881, ├╝bersprungen:     0, gesamt:  8884, Dauer: 4 m 3 s - Romulus.Tests.dll (net10.0)
Testlauf abgebrochen.
