Testlauf f├╝r "C:\Code\Sortierung\src\Romulus.Tests\bin\Debug\net10.0-windows\Romulus.Tests.dll" (.NETCoreApp,Version=v10.0)
Insgesamt 1 Testdateien stimmten mit dem angegebenen Muster ├╝berein.
[xUnit.net 00:00:08.92]     Romulus.Tests.Block1_ReleaseBlockerTests.R6_08_UnhandledException_Returns500_WithStructuredJson [FAIL]
[xUnit.net 00:00:08.94]     Romulus.Tests.Block1_ReleaseBlockerTests.R6_08_UnhandledException_DoesNotLeakStackTrace [FAIL]
[xUnit.net 00:00:09.15]     Romulus.Tests.Conversion.ReachConversionTests.PlanForConsole_UsesCompoundNkitExtension_AndProducesMultiStepPlan [FAIL]
[xUnit.net 00:00:10.05]     Romulus.Tests.OpenApiReachTests.OpenApiSpec_DeclaresReachPaths_AndSchemas [FAIL]
[xUnit.net 00:01:01.24]     Romulus.Tests.AuditCategoryFNewTests.F02_ConcurrentListAndCreate_NoServerError [FAIL]
[xUnit.net 00:01:01.30]     Romulus.Tests.AuditCategoryFNewTests.F02_ConcurrentRunCreation_OnlyOneExecutes_OthersRejected [FAIL]
[xUnit.net 00:01:02.74]     Romulus.Tests.Phase6CoreIoAndI18nRedTests.SharedServiceRegistration_MustRegister_CoreIoPorts [FAIL]
[xUnit.net 00:01:11.19]     Romulus.Tests.AuditFindingsRegressionTests.FP3_02_OpenApiSpec_OptionalFieldsAreNullable [FAIL]
[xUnit.net 00:01:11.46]     Romulus.Tests.AuditCategoryBFixTests.B02_Api_KestrelMaxRequestBodySize_IsConfigured [FAIL]
[xUnit.net 00:01:11.60]     Romulus.Tests.AuditCategoryBFixTests.B02_Api_OversizedBody_RejectedEarly [FAIL]
[xUnit.net 00:01:13.18]     Romulus.Tests.FcsExecutionAndSettingsTests.AutoProfile_ShowsProfileInfo [FAIL]
[xUnit.net 00:01:17.44]     Romulus.Tests.ApiReachIntegrationTests.DashboardSummary_RequiresAuth_AndReturnsTypedPayload [FAIL]
[xUnit.net 00:01:17.45]     Romulus.Tests.ApiReachIntegrationTests.DashboardStaticShell_RequiresAuth [FAIL]
[xUnit.net 00:01:17.47]     Romulus.Tests.ApiReachIntegrationTests.DashboardBootstrap_IsAnonymous_AndReturnsMetadata [FAIL]
[xUnit.net 00:01:17.48]     Romulus.Tests.ApiReachIntegrationTests.Convert_OutsideAllowedRoots_IsRejected_WhenHeadlessAllowlistEnabled [FAIL]
[xUnit.net 00:01:17.49]     Romulus.Tests.ApiReachIntegrationTests.RunCreation_OutsideAllowedRoots_IsRejected_WhenHeadlessAllowlistEnabled [FAIL]
[xUnit.net 00:01:17.71]     Romulus.Tests.CodeReviewFindingsTests.F1_ReadJsonBodyAsync_ChunkedOversizedBody_Returns400 [FAIL]
[xUnit.net 00:01:17.76]     Romulus.Tests.CodeReviewFindingsTests.F4_ExportFrontend_ChunkedOversizedBody_Returns400 [FAIL]
[xUnit.net 00:01:44.77]     Romulus.Tests.GuiViewModelTests.RunCommand_CanExecute_InMoveModeAfterMatchingPreview [FAIL]
[xUnit.net 00:01:44.97]     Romulus.Tests.ApiRedPhaseTests.Cancel_Response_Should_Contain_CancelledAtUtc_Issue9 [FAIL]
[xUnit.net 00:01:44.98]     Romulus.Tests.ApiRedPhaseTests.Result_Should_Contain_PreflightWarnings_Issue9 [FAIL]
[xUnit.net 00:01:44.99]     Romulus.Tests.ApiRedPhaseTests.RateLimitError_Should_Include_RetryAfterHeader_Issue9 [FAIL]
[xUnit.net 00:01:45.00]     Romulus.Tests.ApiRedPhaseTests.RateLimitError_Should_Have_CorrelationId_Header_Issue9 [FAIL]
[xUnit.net 00:01:45.02]     Romulus.Tests.ApiRedPhaseTests.Cancelled_Run_Should_Report_Actual_DurationMs_Issue9 [FAIL]
[xUnit.net 00:01:45.03]     Romulus.Tests.ApiRedPhaseTests.Failed_Result_Error_Should_Be_StructuredObject_Issue9 [FAIL]
[xUnit.net 00:01:45.04]     Romulus.Tests.ApiRedPhaseTests.ErrorResponse_Should_Contain_UtcTimestamp_Issue9 [FAIL]
[xUnit.net 00:01:45.05]     Romulus.Tests.ApiRedPhaseTests.RunRequest_Should_Support_ConflictPolicy_Issue9 [FAIL]
[xUnit.net 00:01:45.06]     Romulus.Tests.ApiRedPhaseTests.SSE_Status_Events_Should_Include_ProgressPercent_Issue9 [FAIL]
[xUnit.net 00:01:45.07]     Romulus.Tests.ApiRedPhaseTests.Runs_InvalidConflictPolicy_Returns400_Issue9 [FAIL]
[xUnit.net 00:01:45.08]     Romulus.Tests.ApiRedPhaseTests.SSE_CompletedWithErrors_Should_Be_DistinctEventName_Issue9 [FAIL]
[xUnit.net 00:01:45.09]     Romulus.Tests.ApiRedPhaseTests.AuthError_Should_Have_CorrelationId_Header_Issue9 [FAIL]
[xUnit.net 00:01:45.10]     Romulus.Tests.ApiRedPhaseTests.Result_Should_Contain_PhaseMetrics_Issue9 [FAIL]
[xUnit.net 00:01:45.11]     Romulus.Tests.ApiRedPhaseTests.RunStatus_Running_Should_Contain_ElapsedMs_Issue9 [FAIL]
[xUnit.net 00:01:45.13]     Romulus.Tests.ApiRedPhaseTests.WaitTrue_OK_Response_Should_Set_LocationHeader_Issue9 [FAIL]
[xUnit.net 00:01:45.14]     Romulus.Tests.ApiRedPhaseTests.RunRequest_Should_Support_ConvertOnly_Issue9 [FAIL]
[xUnit.net 00:01:45.15]     Romulus.Tests.ApiRedPhaseTests.Health_Body_Should_Contain_Version_Issue9 [FAIL]
[xUnit.net 00:01:45.16]     Romulus.Tests.ApiRedPhaseTests.DryRun_Result_Should_Include_DedupeGroupsDetail_Issue9 [FAIL]
[xUnit.net 00:01:50.08]     Romulus.Tests.ApiProductizationIntegrationTests.Watch_Start_WithWorkflowAndProfile_TriggersRunUsingMaterializedConfiguration [FAIL]
[xUnit.net 00:01:50.10]     Romulus.Tests.ApiProductizationIntegrationTests.Runs_WithUppercaseModeProperty_PreservesExplicitOverrideAgainstWorkflowDefaults [FAIL]
[xUnit.net 00:01:50.11]     Romulus.Tests.ApiProductizationIntegrationTests.Runs_WithWorkflowScenarioId_MaterializesSharedWorkflowDefaults [FAIL]
[xUnit.net 00:01:50.12]     Romulus.Tests.ApiProductizationIntegrationTests.Profiles_PutGetDelete_RoundTripsUserProfile [FAIL]
[xUnit.net 00:01:50.13]     Romulus.Tests.ApiProductizationIntegrationTests.Profiles_List_ReturnsBuiltInProfiles [FAIL]
[xUnit.net 00:01:50.15]     Romulus.Tests.ApiProductizationIntegrationTests.Runs_FixDat_WithQueryOutputPath_WritesFixDatFile [FAIL]
[xUnit.net 00:01:50.16]     Romulus.Tests.ApiProductizationIntegrationTests.Runs_FixDat_WithoutOutputPath_ReturnsBadRequest [FAIL]
[xUnit.net 00:01:50.17]     Romulus.Tests.ApiProductizationIntegrationTests.Workflows_ListAndGet_ReturnSharedDefinitions [FAIL]
[xUnit.net 00:01:50.18]     Romulus.Tests.ApiProductizationIntegrationTests.Runs_WithProfileId_MaterializesSharedProfileDefaults [FAIL]
[xUnit.net 00:01:50.19]     Romulus.Tests.ApiProductizationIntegrationTests.Export_Frontend_WithRunId_ProducesLaunchBoxArtifact [FAIL]
[xUnit.net 00:01:53.17]     Romulus.Tests.ApiCollectionDiffMergeTests.CollectionsCompare_ReturnsDeterministicDiffPayload [FAIL]
[xUnit.net 00:01:53.19]     Romulus.Tests.ApiCollectionDiffMergeTests.CollectionsMergeApply_ThenRollback_RestoresFilesystemState [FAIL]
[xUnit.net 00:01:53.20]     Romulus.Tests.ApiCollectionDiffMergeTests.CollectionsMerge_ReturnsPreviewPlan_WithPagedEntries [FAIL]
[xUnit.net 00:01:53.21]     Romulus.Tests.ApiCollectionDiffMergeTests.CollectionsMerge_TargetOutsideAllowedRoots_IsRejected [FAIL]
[xUnit.net 00:01:55.75]     Romulus.Tests.StartupDataSchemaValidatorTests.ValidateRequiredFiles_InvalidDefaults_ReportsFileAndFieldPath [FAIL]
[xUnit.net 00:01:55.78]     Romulus.Tests.StartupDataSchemaValidatorTests.ValidateRequiredFiles_ValidData_PassesWithoutException [FAIL]
[xUnit.net 00:02:08.20]     Romulus.Tests.OpenApiProductizationTests.OpenApiSpec_DeclaresProductizationPaths_AndSchemas [FAIL]
[xUnit.net 00:02:17.55]     Romulus.Tests.TrackerBlock1To6RedTests.EP_08_ProfilePut_RouteAndBodyIdMismatch_MustReturn400 [FAIL]
[xUnit.net 00:02:17.85]     Romulus.Tests.Wave5MediumRegressionTests.W5_ApiRunPost_DeduplicatesRoots_CaseInsensitive_BeforeRunCreation [FAIL]
[xUnit.net 00:02:19.06]     Romulus.Tests.ConversionReportParityTests.OpenApiSchema_ContainsConversionPlanAndBlockedSchemas [FAIL]
[xUnit.net 00:02:19.08]     Romulus.Tests.ApiSecurityTests.OpenApi_Contains_SecurityAndParityFields [FAIL]
[xUnit.net 00:02:19.10]     Romulus.Tests.ApiSecurityTests.ReviewApprove_ValidPaths_Succeeds [FAIL]
[xUnit.net 00:02:19.11]     Romulus.Tests.ApiSecurityTests.RunStatus_DoesNotExpose_SensitiveRunFields [FAIL]
[xUnit.net 00:02:19.12]     Romulus.Tests.ApiSecurityTests.DatRoot_SystemDirectory_IsRejected [FAIL]
[xUnit.net 00:02:19.13]     Romulus.Tests.ApiSecurityTests.CommonSecurityHeaders_ArePresent_OnSuccessfulResponses [FAIL]
[xUnit.net 00:02:19.14]     Romulus.Tests.ApiSecurityTests.CorrelationId_TooLong_IsSanitized [FAIL]
[xUnit.net 00:02:19.15]     Romulus.Tests.ApiSecurityTests.ConvertFormat_ValidValues_Accepted(format: "auto") [FAIL]
[xUnit.net 00:02:19.16]     Romulus.Tests.ApiSecurityTests.ConvertFormat_ValidValues_Accepted(format: "zip") [FAIL]
[xUnit.net 00:02:19.16]     Romulus.Tests.ApiSecurityTests.ConvertFormat_ValidValues_Accepted(format: "chd") [FAIL]
[xUnit.net 00:02:19.17]     Romulus.Tests.ApiSecurityTests.ConvertFormat_ValidValues_Accepted(format: "rvz") [FAIL]
[xUnit.net 00:02:19.18]     Romulus.Tests.ApiSecurityTests.ConvertFormat_ValidValues_Accepted(format: "7z") [FAIL]
[xUnit.net 00:02:19.19]     Romulus.Tests.ApiSecurityTests.RunResult_DoesNotExpose_ArtifactFileSystemPaths [FAIL]
[xUnit.net 00:02:19.19]     Romulus.Tests.ApiSecurityTests.ConvertFormat_InvalidValue_Returns400 [FAIL]
[xUnit.net 00:02:19.20]     Romulus.Tests.ApiSecurityTests.TrashRoot_SystemDirectory_IsRejected [FAIL]
[xUnit.net 00:02:19.21]     Romulus.Tests.ApiSecurityTests.Healthz_PublicEndpoint_StillIncludesSecurityHeaders [FAIL]
[xUnit.net 00:02:19.23]     Romulus.Tests.ApiSecurityTests.RunArtifactEndpoints_Forbid_DifferentClientBinding [FAIL]
[xUnit.net 00:02:19.23]     Romulus.Tests.ApiSecurityTests.TrashRoot_DriveRoot_IsRejected [FAIL]
[xUnit.net 00:02:19.24]     Romulus.Tests.ApiSecurityTests.CorrelationId_ValidValues_EchoedBack(correlationId: "abc123def456") [FAIL]
[xUnit.net 00:02:19.24]     Romulus.Tests.ApiSecurityTests.CorrelationId_ValidValues_EchoedBack(correlationId: "valid-correlation-id-123") [FAIL]
[xUnit.net 00:02:19.25]     Romulus.Tests.ApiSecurityTests.CompletedRun_WhenCancelRequestedLate_ClearsCancel [FAIL]
[xUnit.net 00:02:19.25]     Romulus.Tests.ApiSecurityTests.ReviewApprove_TooManyPaths_IsRejected [FAIL]
[xUnit.net 00:02:19.26]     Romulus.Tests.ApiSecurityTests.RunEndpoints_Forbid_DifferentClientBinding [FAIL]
[xUnit.net 00:02:19.27]     Romulus.Tests.ApiSecurityTests.FailedRun_ErrorMessage_DoesNotLeakExceptionDetails [FAIL]
[xUnit.net 00:02:19.28]     Romulus.Tests.ApiSecurityTests.CorrelationId_WithNewlines_IsSanitized [FAIL]
[xUnit.net 00:02:19.29]     Romulus.Tests.ApiSecurityTests.RunList_OnlyReturnsRunsVisibleToCurrentClient [FAIL]
[xUnit.net 00:02:20.88]     Romulus.Tests.OpenApiSpecRegressionTests.OpenApiSpec_DeclaresWatchAutomationPaths_And_StatusSchema [FAIL]
[xUnit.net 00:02:20.89]     Romulus.Tests.OpenApiSpecRegressionTests.OpenApiSpec_DeclaresReviewPagination_Metadata [FAIL]
[xUnit.net 00:02:20.90]     Romulus.Tests.OpenApiSpecRegressionTests.OpenApiSpec_DeclaresRollbackPath_And_RunStatusSchema [FAIL]
[xUnit.net 00:02:20.90]     Romulus.Tests.OpenApiSpecRegressionTests.OpenApiSpec_DeclaresRunHistory_And_ArtifactDownloadPaths [FAIL]
[xUnit.net 00:02:20.91]     Romulus.Tests.OpenApiSpecRegressionTests.OpenApiSpec_DeclaresPublicHealthz_WithoutSecurityRequirement [FAIL]
[xUnit.net 00:02:20.91]     Romulus.Tests.OpenApiSpecRegressionTests.OpenApiSpec_DeclaresCollectionDiffAndMergePaths_AndSchemas [FAIL]
[xUnit.net 00:02:21.44]     Romulus.Tests.DatAuditApiParityIssue9RedTests.OpenApi_ApiRunResultSchema_ShouldContainDatAuditCounters_Issue9 [FAIL]
[xUnit.net 00:02:24.79]     Romulus.Tests.ApiIntegrationTests.Runs_InvalidPreferRegions_ReturnsBadRequest [FAIL]
[xUnit.net 00:02:24.80]     Romulus.Tests.ApiIntegrationTests.Health_WithApiKey_ReturnsOk [FAIL]
[xUnit.net 00:02:24.80]     Romulus.Tests.ApiIntegrationTests.HealthCollection_WithApiKey_ReturnsReport [FAIL]
[xUnit.net 00:02:24.81]     Romulus.Tests.ApiIntegrationTests.Health_InvalidClientIdHeader_ReturnsBadRequest [FAIL]
[xUnit.net 00:02:24.81]     Romulus.Tests.ApiIntegrationTests.Runs_ApproveReviews_Flag_IsExposedInStatusDto [FAIL]
[xUnit.net 00:02:24.82]     Romulus.Tests.ApiIntegrationTests.Runs_Sse_Heartbeat_IsEmitted_ForLongRunningRun [FAIL]
[xUnit.net 00:02:24.83]     Romulus.Tests.ApiIntegrationTests.Runs_Rollback_AfterMoveRun_ReturnsRollbackSummary [FAIL]
[xUnit.net 00:02:24.83]     Romulus.Tests.ApiIntegrationTests.Health_WithWrongApiKey_ReturnsUnauthorized [FAIL]
[xUnit.net 00:02:24.84]     Romulus.Tests.ApiIntegrationTests.Runs_ReviewsEndpoint_SupportsOffsetAndLimitPagination [FAIL]
[xUnit.net 00:02:24.85]     Romulus.Tests.ApiIntegrationTests.Runs_Rollback_WithoutAuditArtifact_ReturnsConflict [FAIL]
[xUnit.net 00:02:24.85]     Romulus.Tests.ApiIntegrationTests.Healthz_WithoutApiKey_ReturnsOk [FAIL]
[xUnit.net 00:02:24.87]     Romulus.Tests.ApiIntegrationTests.RunAuditDownload_ReturnsCsvArtifact_ForCompletedRun [FAIL]
[xUnit.net 00:02:24.87]     Romulus.Tests.ApiIntegrationTests.Runs_Compare_ForeignSnapshot_IsNotVisible_ForRequesterClient [FAIL]
[xUnit.net 00:02:24.88]     Romulus.Tests.ApiIntegrationTests.Runs_ConcurrentRun_ReturnsConflict [FAIL]
[xUnit.net 00:02:24.88]     Romulus.Tests.ApiIntegrationTests.RateLimit_Exceeded_Returns429 [FAIL]
[xUnit.net 00:02:24.89]     Romulus.Tests.ApiIntegrationTests.Watch_Status_IsForbidden_ForForeignClientWhileActive [FAIL]
[xUnit.net 00:02:24.90]     Romulus.Tests.ApiIntegrationTests.Cors_Preflight_Options_Returns204_WithExpectedHeaders [FAIL]
[xUnit.net 00:02:24.91]     Romulus.Tests.ApiIntegrationTests.Runs_IdempotencyKey_DifferentPayload_ReturnsConflict [FAIL]
[xUnit.net 00:02:24.92]     Romulus.Tests.ApiIntegrationTests.Watch_StartStatusStop_RoundTrips_ForOwnerClient [FAIL]
[xUnit.net 00:02:24.92]     Romulus.Tests.ApiIntegrationTests.Runs_Trends_IsFiltered_ByRequesterClientId [FAIL]
[xUnit.net 00:02:24.93]     Romulus.Tests.ApiIntegrationTests.OpenApi_Declares_ApiKey_Header_And_GlobalSecurityRequirement [FAIL]
[xUnit.net 00:02:24.93]     Romulus.Tests.ApiIntegrationTests.Healthz_ResponseContainsVersionHeader [FAIL]
[xUnit.net 00:02:24.94]     Romulus.Tests.ApiIntegrationTests.RateLimit_DifferentApiKeys_SameClient_ShareBucket [FAIL]
[xUnit.net 00:02:24.96]     Romulus.Tests.ApiIntegrationTests.Cors_Preflight_CustomInvalidOrigin_FallsBackToStrictLocal [FAIL]
[xUnit.net 00:02:24.97]     Romulus.Tests.ApiIntegrationTests.Runs_InvalidMode_ReturnsBadRequest [FAIL]
[xUnit.net 00:02:24.97]     Romulus.Tests.ApiIntegrationTests.Runs_WaitTimeout_ReturnsAccepted_AndRunContinues [FAIL]
[xUnit.net 00:02:24.98]     Romulus.Tests.ApiIntegrationTests.Runs_History_ReturnsPersistedSnapshots_WithPagination [FAIL]
[xUnit.net 00:02:24.99]     Romulus.Tests.ApiIntegrationTests.Dashboard_Bootstrap_DoesNotExposeConcreteAllowedRoots [FAIL]
[xUnit.net 00:02:25.00]     Romulus.Tests.ApiIntegrationTests.Runs_OversizedBody_ReturnsBadRequest [FAIL]
[xUnit.net 00:02:25.01]     Romulus.Tests.ApiIntegrationTests.Dashboard_Summary_IsFiltered_ByRequesterClientId [FAIL]
[xUnit.net 00:02:25.01]     Romulus.Tests.ApiIntegrationTests.RateLimit_TrustForwardedForTrue_UntrustedProxySource_FallsBackToRemoteIp [FAIL]
[xUnit.net 00:02:25.02]     Romulus.Tests.ApiIntegrationTests.RateLimit_TrustForwardedForFalse_IgnoresHeaderValue [FAIL]
[xUnit.net 00:02:25.03]     Romulus.Tests.ApiIntegrationTests.RunReportDownload_ReturnsHtmlArtifact_ForCompletedRun [FAIL]
[xUnit.net 00:02:25.03]     Romulus.Tests.ApiIntegrationTests.Runs_Sse_Stream_Contains_Ready_Status_And_TerminalEvents [FAIL]
[xUnit.net 00:02:25.04]     Romulus.Tests.ApiIntegrationTests.Runs_InvalidJson_ReturnsBadRequest [FAIL]
[xUnit.net 00:02:25.04]     Romulus.Tests.ApiIntegrationTests.Runs_EmptyRoots_ReturnsBadRequest [FAIL]
[xUnit.net 00:02:25.05]     Romulus.Tests.ApiIntegrationTests.Runs_InvalidContentType_ReturnsBadRequest [FAIL]
[xUnit.net 00:02:25.06]     Romulus.Tests.ApiIntegrationTests.Runs_Compare_ReturnsPersistedSnapshotDelta [FAIL]
[xUnit.net 00:02:25.07]     Romulus.Tests.ApiIntegrationTests.Runs_RunNotFound_Returns404 [FAIL]
[xUnit.net 00:02:25.07]     Romulus.Tests.ApiIntegrationTests.Runs_NonexistentRoot_ReturnsBadRequest [FAIL]
[xUnit.net 00:02:25.08]     Romulus.Tests.ApiIntegrationTests.Runs_InvalidExtensions_ReturnsBadRequest [FAIL]
[xUnit.net 00:02:25.08]     Romulus.Tests.ApiIntegrationTests.Runs_DriveRoot_ReturnsBadRequest [FAIL]
[xUnit.net 00:02:25.09]     Romulus.Tests.ApiIntegrationTests.Runs_Compare_MissingSnapshot_ReturnsNotFound [FAIL]
[xUnit.net 00:02:25.10]     Romulus.Tests.ApiIntegrationTests.HealthCollection_WithoutApiKey_ReturnsUnauthorized [FAIL]
[xUnit.net 00:02:25.11]     Romulus.Tests.ApiIntegrationTests.Runs_ReviewsEndpoints_ReturnQueue_AndAllowApprovalByPath [FAIL]
[xUnit.net 00:02:25.11]     Romulus.Tests.ApiIntegrationTests.Runs_SystemDirectoryRoot_IsRejected [FAIL]
[xUnit.net 00:02:25.12]     Romulus.Tests.ApiIntegrationTests.Runs_WaitTrue_ResultContainsProjectionFields [FAIL]
[xUnit.net 00:02:25.12]     Romulus.Tests.ApiIntegrationTests.Runs_MoveMode_MovesLosersToTrash [FAIL]
[xUnit.net 00:02:25.13]     Romulus.Tests.ApiIntegrationTests.Runs_ConcurrentPostRequests_OneAccepted_AndConflicts [FAIL]
[xUnit.net 00:02:25.15]     Romulus.Tests.ApiIntegrationTests.Runs_History_IsFiltered_ByRequesterClientId [FAIL]
[xUnit.net 00:02:25.16]     Romulus.Tests.ApiIntegrationTests.Health_ResponseContainsVersionHeader [FAIL]
[xUnit.net 00:02:25.16]     Romulus.Tests.ApiIntegrationTests.Health_WithoutApiKey_ReturnsUnauthorized [FAIL]
[xUnit.net 00:02:25.17]     Romulus.Tests.ApiIntegrationTests.Runs_Trends_ReturnsStorageInsights_FromPersistedSnapshots [FAIL]
[xUnit.net 00:02:25.17]     Romulus.Tests.ApiIntegrationTests.Runs_Lifecycle_AndStream_Endpoints_Work [FAIL]
[xUnit.net 00:02:25.18]     Romulus.Tests.ApiIntegrationTests.Runs_IdempotencyKey_RetryReusesCompletedRun [FAIL]
[xUnit.net 00:02:25.18]     Romulus.Tests.ApiIntegrationTests.Runs_List_ReturnsVisibleRunsNewestFirst_WithPagination [FAIL]
[xUnit.net 00:02:25.19]     Romulus.Tests.Conversion.Phase4ConversionInvariantTests.Registry_CompressionEstimates_AreLoaded [FAIL]
[xUnit.net 00:02:25.19]     Romulus.Tests.Conversion.Phase4ConversionInvariantTests.R08_AllSystems_HaveConversionPolicy [FAIL]
[xUnit.net 00:02:25.19]     Romulus.Tests.Conversion.Phase4ConversionInvariantTests.SpecificSystems_HaveExpectedPolicy(console: "GC", expected: Auto) [FAIL]
[xUnit.net 00:02:25.19]     Romulus.Tests.Conversion.Phase4ConversionInvariantTests.SpecificSystems_HaveExpectedPolicy(console: "PS3", expected: None) [FAIL]
[xUnit.net 00:02:25.19]     Romulus.Tests.Conversion.Phase4ConversionInvariantTests.SpecificSystems_HaveExpectedPolicy(console: "SWITCH", expected: None) [FAIL]
[xUnit.net 00:02:25.19]     Romulus.Tests.Conversion.Phase4ConversionInvariantTests.SpecificSystems_HaveExpectedPolicy(console: "PS1", expected: Auto) [FAIL]
[xUnit.net 00:02:25.19]     Romulus.Tests.Conversion.Phase4ConversionInvariantTests.SpecificSystems_HaveExpectedPolicy(console: "NEOGEO", expected: None) [FAIL]
[xUnit.net 00:02:25.19]     Romulus.Tests.Conversion.Phase4ConversionInvariantTests.SpecificSystems_HaveExpectedPolicy(console: "ARCADE", expected: None) [FAIL]
[xUnit.net 00:02:25.19]     Romulus.Tests.Conversion.Phase4ConversionInvariantTests.SpecificSystems_HaveExpectedPolicy(console: "GBA", expected: ArchiveOnly) [FAIL]
[xUnit.net 00:02:25.19]     Romulus.Tests.Conversion.Phase4ConversionInvariantTests.SpecificSystems_HaveExpectedPolicy(console: "NES", expected: ArchiveOnly) [FAIL]
[xUnit.net 00:02:25.19]     Romulus.Tests.Conversion.Phase4ConversionInvariantTests.SpecificSystems_HaveExpectedPolicy(console: "PS2", expected: Auto) [FAIL]
[xUnit.net 00:02:25.19]     Romulus.Tests.Conversion.Phase4ConversionInvariantTests.SpecificSystems_HaveExpectedPolicy(console: "WII", expected: Auto) [FAIL]
[xUnit.net 00:02:25.20]     Romulus.Tests.Conversion.Phase4ConversionInvariantTests.SpecificSystems_HaveExpectedPolicy(console: "3DS", expected: None) [FAIL]
[xUnit.net 00:02:25.20]     Romulus.Tests.Conversion.Phase4ConversionInvariantTests.SpecificSystems_HaveExpectedPolicy(console: "SNES", expected: ArchiveOnly) [FAIL]
[xUnit.net 00:02:25.23]     Romulus.Tests.Conversion.Phase4ConversionInvariantTests.AllSystems_PolicyFromRegistry_MatchesConsolesJson [FAIL]
[xUnit.net 00:02:25.26]     Romulus.Tests.Conversion.Phase4ConversionInvariantTests.AllSystems_AutoPolicy_HasPreferredTarget [FAIL]
[xUnit.net 00:02:28.27]     Romulus.Tests.DatAuditCrossChannelParityTests.OpenApiSpec_DatAuditCounterTypes_AllInteger [FAIL]
