Testlauf f├╝r "C:\Code\Sortierung\src\Romulus.Tests\bin\Debug\net10.0-windows\Romulus.Tests.dll" (.NETCoreApp,Version=v10.0)
Insgesamt 1 Testdateien stimmten mit dem angegebenen Muster ├╝berein.
[xUnit.net 00:00:02.34]     Romulus.Tests.Block2_SecurityHardeningTests.R7_08_DashboardStaticShell_RequiresApiKey [FAIL]
[xUnit.net 00:00:06.29]     Romulus.Tests.ApiValidationIntegrationTests.Profiles_Delete_AccessDenied_Returns403 [FAIL]
[xUnit.net 00:00:06.30]     Romulus.Tests.ApiValidationIntegrationTests.Watch_Start_InvalidCronRange_Returns400 [FAIL]
[xUnit.net 00:00:06.33]     Romulus.Tests.ApiValidationIntegrationTests.Runs_Post_InvalidJson_Returns400 [FAIL]
[xUnit.net 00:00:06.34]     Romulus.Tests.ApiValidationIntegrationTests.Request_WithWrongApiKey_Returns401 [FAIL]
[xUnit.net 00:00:06.35]     Romulus.Tests.ApiValidationIntegrationTests.ExportFrontend_InvalidJson_Returns400 [FAIL]
[xUnit.net 00:00:06.36]     Romulus.Tests.ApiValidationIntegrationTests.Runs_Post_NonexistentRoot_Returns400 [FAIL]
[xUnit.net 00:00:06.38]     Romulus.Tests.ApiValidationIntegrationTests.RunsCompare_MissingIds_Returns400 [FAIL]
[xUnit.net 00:00:06.39]     Romulus.Tests.ApiValidationIntegrationTests.Runs_Post_ExtensionTooLong_Returns400 [FAIL]
[xUnit.net 00:00:06.40]     Romulus.Tests.ApiValidationIntegrationTests.Runs_Post_InvalidMode_Returns400 [FAIL]
[xUnit.net 00:00:06.42]     Romulus.Tests.ApiValidationIntegrationTests.Profiles_DeleteBuiltIn_Returns400 [FAIL]
[xUnit.net 00:00:06.43]     Romulus.Tests.ApiValidationIntegrationTests.CollectionsMergeRollback_MissingAuditPath_Returns400 [FAIL]
[xUnit.net 00:00:06.45]     Romulus.Tests.ApiValidationIntegrationTests.Options_Preflight_SkipsAuth_Returns200 [FAIL]
[xUnit.net 00:00:06.46]     Romulus.Tests.ApiValidationIntegrationTests.RunsHistory_InvalidOffset_Returns400 [FAIL]
[xUnit.net 00:00:06.48]     Romulus.Tests.ApiValidationIntegrationTests.DashboardBootstrap_NoAuthRequired_Returns200 [FAIL]
[xUnit.net 00:00:06.49]     Romulus.Tests.ApiValidationIntegrationTests.RunsList_WithClientId_ReturnsScoped [FAIL]
[xUnit.net 00:00:06.49]     Romulus.Tests.ApiValidationIntegrationTests.Runs_Post_DriveRoot_Returns400 [FAIL]
[xUnit.net 00:00:06.51]     Romulus.Tests.ApiValidationIntegrationTests.Runs_Post_EmptyRootPath_Returns400 [FAIL]
[xUnit.net 00:00:06.52]     Romulus.Tests.ApiValidationIntegrationTests.RunsCompare_NonExistentRuns_Returns404 [FAIL]
[xUnit.net 00:00:06.54]     Romulus.Tests.ApiValidationIntegrationTests.Runs_Post_ValidDryRun_Returns200 [FAIL]
[xUnit.net 00:00:06.55]     Romulus.Tests.ApiValidationIntegrationTests.Runs_Post_InvalidRegion_Returns400 [FAIL]
[xUnit.net 00:00:06.56]     Romulus.Tests.ApiValidationIntegrationTests.RunsList_LimitTooHigh_Returns400 [FAIL]
[xUnit.net 00:00:06.57]     Romulus.Tests.ApiValidationIntegrationTests.RunsList_LimitZero_Returns400 [FAIL]
[xUnit.net 00:00:06.58]     Romulus.Tests.ApiValidationIntegrationTests.Runs_Post_InvalidContentType_Returns400 [FAIL]
[xUnit.net 00:00:06.60]     Romulus.Tests.ApiValidationIntegrationTests.Runs_Post_MissingRoots_Returns400 [FAIL]
[xUnit.net 00:00:06.61]     Romulus.Tests.ApiValidationIntegrationTests.RunsHistory_InvalidLimit_Returns400 [FAIL]
[xUnit.net 00:00:06.62]     Romulus.Tests.ApiValidationIntegrationTests.Workflows_GetNotFound_Returns404 [FAIL]
[xUnit.net 00:00:06.64]     Romulus.Tests.ApiValidationIntegrationTests.RunsHistory_ValidPagination_Returns200 [FAIL]
[xUnit.net 00:00:06.65]     Romulus.Tests.ApiValidationIntegrationTests.CollectionsMergeRollback_NonexistentAuditFile_Returns404 [FAIL]
[xUnit.net 00:00:06.66]     Romulus.Tests.ApiValidationIntegrationTests.CollectionsCompare_EmptyRoots_Returns400 [FAIL]
[xUnit.net 00:00:06.68]     Romulus.Tests.ApiValidationIntegrationTests.Runs_Post_TooManyRegions_Returns400 [FAIL]
[xUnit.net 00:00:06.69]     Romulus.Tests.ApiValidationIntegrationTests.Healthz_NoAuthRequired_Returns200 [FAIL]
[xUnit.net 00:00:06.70]     Romulus.Tests.ApiValidationIntegrationTests.Runs_Post_InvalidExtension_Returns400 [FAIL]
[xUnit.net 00:00:06.71]     Romulus.Tests.ApiValidationIntegrationTests.RunsList_InvalidOffset_Returns400 [FAIL]
[xUnit.net 00:00:06.72]     Romulus.Tests.ApiValidationIntegrationTests.Runs_Post_InvalidIdempotencyKey_Returns400 [FAIL]
[xUnit.net 00:00:06.74]     Romulus.Tests.ApiValidationIntegrationTests.RunsTrends_Returns200 [FAIL]
[xUnit.net 00:00:06.75]     Romulus.Tests.ApiValidationIntegrationTests.Runs_Post_InvalidHashType_Returns400 [FAIL]
[xUnit.net 00:00:06.76]     Romulus.Tests.ApiValidationIntegrationTests.Profiles_DeleteNotFound_Returns404 [FAIL]
[xUnit.net 00:00:06.77]     Romulus.Tests.ApiValidationIntegrationTests.RunsList_ValidPagination_Returns200 [FAIL]
[xUnit.net 00:00:06.79]     Romulus.Tests.ApiValidationIntegrationTests.Request_WithoutApiKey_Returns401 [FAIL]
[xUnit.net 00:00:06.80]     Romulus.Tests.ApiValidationIntegrationTests.Workflows_ListWithQuery_NotFound_Returns404 [FAIL]
[xUnit.net 00:00:06.82]     Romulus.Tests.ApiValidationIntegrationTests.Profiles_GetNotFound_Returns404 [FAIL]
[xUnit.net 00:00:06.83]     Romulus.Tests.ApiValidationIntegrationTests.CollectionsCompare_InvalidLimit_Returns400 [FAIL]
[xUnit.net 00:00:06.85]     Romulus.Tests.ApiValidationIntegrationTests.RunsList_NonNumericOffset_Returns400 [FAIL]
[xUnit.net 00:00:07.23]     Romulus.Tests.Conversion.ConversionPhaseHelperRegressionTests.ConvertOnlyPhase_SuccessfulCueConversion_MovesDescriptorAndSetMembersToConvertedTrash [FAIL]
[xUnit.net 00:00:09.91]     Romulus.Tests.KpiChannelParityBacklogTests.OpenApi_ApiRunResultSchema_ContainsAllApiRunResultProperties_Issue9 [FAIL]
[xUnit.net 00:00:11.64]     Romulus.Tests.AuditComplianceTests.Audit3_Test010_API_OpenApi_DeclaresApiKeySecurity [FAIL]
